<!DOCTYPE html>

<html>
  <head>
  <meta charset='utf-8'>
  <title>TestNG reports</title>

    <link type="text/css" href="testng-reports.css" rel="stylesheet" />
    <script type="text/javascript" src="jquery-1.7.1.min.js"></script>
    <script type="text/javascript" src="testng-reports.js"></script>
    <script type="text/javascript" src="https://www.google.com/jsapi"></script>
    <script type='text/javascript'>
      google.load('visualization', '1', {packages:['table']});
      google.setOnLoadCallback(drawTable);
      var suiteTableInitFunctions = new Array();
      var suiteTableData = new Array();
    </script>
    <!--
      <script type="text/javascript" src="jquery-ui/js/jquery-ui-1.8.16.custom.min.js"></script>
     -->
  </head>

  <body>
    <div class="top-banner-root">
      <span class="top-banner-title-font">Test results</span>
      <br/>
      <span class="top-banner-font-1">1 suite, 22 failed tests</span>
    </div> <!-- top-banner-root -->
    <div class="navigator-root">
      <div class="navigator-suite-header">
        <span>All suites</span>
        <a href="#" title="Collapse/expand all the suites" class="collapse-all-link">
          <img src="collapseall.gif" class="collapse-all-icon">
          </img> <!-- collapse-all-icon -->
        </a> <!-- collapse-all-link -->
      </div> <!-- navigator-suite-header -->
      <div class="suite">
        <div class="rounded-window">
          <div class="suite-header light-rounded-window-top">
            <a href="#" panel-name="suite-WS_Suite" class="navigator-link">
              <span class="suite-name border-failed">WS Suite</span>
            </a> <!-- navigator-link -->
          </div> <!-- suite-header light-rounded-window-top -->
          <div class="navigator-suite-content">
            <div class="suite-section-title">
              <span>Info</span>
            </div> <!-- suite-section-title -->
            <div class="suite-section-content">
              <ul>
                <li>
                  <a href="#" panel-name="test-xml-WS_Suite" class="navigator-link ">
                    <span>C:\Users\DELL\git\platformautomation\com.automation.wsp\src\main\resources\testng.xml</span>
                  </a> <!-- navigator-link  -->
                </li>
                <li>
                  <a href="#" panel-name="testlist-WS_Suite" class="navigator-link ">
                    <span class="test-stats">1 test</span>
                  </a> <!-- navigator-link  -->
                </li>
                <li>
                  <a href="#" panel-name="group-WS_Suite" class="navigator-link ">
                    <span>0 groups</span>
                  </a> <!-- navigator-link  -->
                </li>
                <li>
                  <a href="#" panel-name="times-WS_Suite" class="navigator-link ">
                    <span>Times</span>
                  </a> <!-- navigator-link  -->
                </li>
                <li>
                  <a href="#" panel-name="reporter-WS_Suite" class="navigator-link ">
                    <span>Reporter output</span>
                  </a> <!-- navigator-link  -->
                </li>
                <li>
                  <a href="#" panel-name="ignored-methods-WS_Suite" class="navigator-link ">
                    <span>Ignored methods</span>
                  </a> <!-- navigator-link  -->
                </li>
                <li>
                  <a href="#" panel-name="chronological-WS_Suite" class="navigator-link ">
                    <span>Chronological view</span>
                  </a> <!-- navigator-link  -->
                </li>
              </ul>
            </div> <!-- suite-section-content -->
            <div class="result-section">
              <div class="suite-section-title">
                <span>Results</span>
              </div> <!-- suite-section-title -->
              <div class="suite-section-content">
                <ul>
                  <li>
                    <span class="method-stats">48 methods, 22 failed,  2 skipped,  24 passed</span>
                  </li>
                  <li>
                    <span class="method-list-title failed">Failed methods</span>
                    <span class="show-or-hide-methods failed">
                      <a href="#" panel-name="suite-WS_Suite" class="hide-methods failed suite-WS_Suite"> (hide)</a> <!-- hide-methods failed suite-WS_Suite -->
                      <a href="#" panel-name="suite-WS_Suite" class="show-methods failed suite-WS_Suite"> (show)</a> <!-- show-methods failed suite-WS_Suite -->
                    </span>
                    <div class="method-list-content failed suite-WS_Suite">
                      <span>
                        <img src="failed.png" width="3%"/>
                        <a href="#" panel-name="suite-WS_Suite" title="com.controller.ScriptExecution" class="method navigator-link" hash-for-method="CorpProfile1">CorpProfile1</a> <!-- method navigator-link -->
                      </span>
                      <br/>
                      <span>
                        <img src="failed.png" width="3%"/>
                        <a href="#" panel-name="suite-WS_Suite" title="com.controller.ScriptExecution" class="method navigator-link" hash-for-method="CorpUserMangement01">CorpUserMangement01</a> <!-- method navigator-link -->
                      </span>
                      <br/>
                      <span>
                        <img src="failed.png" width="3%"/>
                        <a href="#" panel-name="suite-WS_Suite" title="com.controller.ScriptExecution" class="method navigator-link" hash-for-method="CorpUserMangement02">CorpUserMangement02</a> <!-- method navigator-link -->
                      </span>
                      <br/>
                      <span>
                        <img src="failed.png" width="3%"/>
                        <a href="#" panel-name="suite-WS_Suite" title="com.controller.ScriptExecution" class="method navigator-link" hash-for-method="CorpUserMangement03">CorpUserMangement03</a> <!-- method navigator-link -->
                      </span>
                      <br/>
                      <span>
                        <img src="failed.png" width="3%"/>
                        <a href="#" panel-name="suite-WS_Suite" title="com.controller.ScriptExecution" class="method navigator-link" hash-for-method="CorpUserMangement04">CorpUserMangement04</a> <!-- method navigator-link -->
                      </span>
                      <br/>
                      <span>
                        <img src="failed.png" width="3%"/>
                        <a href="#" panel-name="suite-WS_Suite" title="com.controller.ScriptExecution" class="method navigator-link" hash-for-method="CorpUserMangement05">CorpUserMangement05</a> <!-- method navigator-link -->
                      </span>
                      <br/>
                      <span>
                        <img src="failed.png" width="3%"/>
                        <a href="#" panel-name="suite-WS_Suite" title="com.controller.ScriptExecution" class="method navigator-link" hash-for-method="CorpUserMangement06">CorpUserMangement06</a> <!-- method navigator-link -->
                      </span>
                      <br/>
                      <span>
                        <img src="failed.png" width="3%"/>
                        <a href="#" panel-name="suite-WS_Suite" title="com.controller.ScriptExecution" class="method navigator-link" hash-for-method="CorpUserMangement07">CorpUserMangement07</a> <!-- method navigator-link -->
                      </span>
                      <br/>
                      <span>
                        <img src="failed.png" width="3%"/>
                        <a href="#" panel-name="suite-WS_Suite" title="com.controller.ScriptExecution" class="method navigator-link" hash-for-method="CorpUserMangement08">CorpUserMangement08</a> <!-- method navigator-link -->
                      </span>
                      <br/>
                      <span>
                        <img src="failed.png" width="3%"/>
                        <a href="#" panel-name="suite-WS_Suite" title="com.controller.ScriptExecution" class="method navigator-link" hash-for-method="CorpUserMangement10">CorpUserMangement10</a> <!-- method navigator-link -->
                      </span>
                      <br/>
                      <span>
                        <img src="failed.png" width="3%"/>
                        <a href="#" panel-name="suite-WS_Suite" title="com.controller.ScriptExecution" class="method navigator-link" hash-for-method="CorpUserMangement12">CorpUserMangement12</a> <!-- method navigator-link -->
                      </span>
                      <br/>
                      <span>
                        <img src="failed.png" width="3%"/>
                        <a href="#" panel-name="suite-WS_Suite" title="com.controller.ScriptExecution" class="method navigator-link" hash-for-method="CorporateJob2">CorporateJob2</a> <!-- method navigator-link -->
                      </span>
                      <br/>
                      <span>
                        <img src="failed.png" width="3%"/>
                        <a href="#" panel-name="suite-WS_Suite" title="com.controller.ScriptExecution" class="method navigator-link" hash-for-method="Submission01">Submission01</a> <!-- method navigator-link -->
                      </span>
                      <br/>
                      <span>
                        <img src="failed.png" width="3%"/>
                        <a href="#" panel-name="suite-WS_Suite" title="com.controller.ScriptExecution" class="method navigator-link" hash-for-method="Submission02">Submission02</a> <!-- method navigator-link -->
                      </span>
                      <br/>
                      <span>
                        <img src="failed.png" width="3%"/>
                        <a href="#" panel-name="suite-WS_Suite" title="com.controller.ScriptExecution" class="method navigator-link" hash-for-method="WSAdmin06">WSAdmin06</a> <!-- method navigator-link -->
                      </span>
                      <br/>
                      <span>
                        <img src="failed.png" width="3%"/>
                        <a href="#" panel-name="suite-WS_Suite" title="com.controller.ScriptExecution" class="method navigator-link" hash-for-method="WSAdmin09">WSAdmin09</a> <!-- method navigator-link -->
                      </span>
                      <br/>
                      <span>
                        <img src="failed.png" width="3%"/>
                        <a href="#" panel-name="suite-WS_Suite" title="com.controller.ScriptExecution" class="method navigator-link" hash-for-method="WSAdmin11">WSAdmin11</a> <!-- method navigator-link -->
                      </span>
                      <br/>
                      <span>
                        <img src="failed.png" width="3%"/>
                        <a href="#" panel-name="suite-WS_Suite" title="com.controller.ScriptExecution" class="method navigator-link" hash-for-method="onboarding1">onboarding1</a> <!-- method navigator-link -->
                      </span>
                      <br/>
                      <span>
                        <img src="failed.png" width="3%"/>
                        <a href="#" panel-name="suite-WS_Suite" title="com.controller.ScriptExecution" class="method navigator-link" hash-for-method="onboarding2">onboarding2</a> <!-- method navigator-link -->
                      </span>
                      <br/>
                      <span>
                        <img src="failed.png" width="3%"/>
                        <a href="#" panel-name="suite-WS_Suite" title="com.controller.ScriptExecution" class="method navigator-link" hash-for-method="onboarding3">onboarding3</a> <!-- method navigator-link -->
                      </span>
                      <br/>
                      <span>
                        <img src="failed.png" width="3%"/>
                        <a href="#" panel-name="suite-WS_Suite" title="com.controller.ScriptExecution" class="method navigator-link" hash-for-method="onboarding4">onboarding4</a> <!-- method navigator-link -->
                      </span>
                      <br/>
                      <span>
                        <img src="failed.png" width="3%"/>
                        <a href="#" panel-name="suite-WS_Suite" title="com.controller.ScriptExecution" class="method navigator-link" hash-for-method="onboarding5">onboarding5</a> <!-- method navigator-link -->
                      </span>
                      <br/>
                    </div> <!-- method-list-content failed suite-WS_Suite -->
                  </li>
                  <li>
                    <span class="method-list-title skipped">Skipped methods</span>
                    <span class="show-or-hide-methods skipped">
                      <a href="#" panel-name="suite-WS_Suite" class="hide-methods skipped suite-WS_Suite"> (hide)</a> <!-- hide-methods skipped suite-WS_Suite -->
                      <a href="#" panel-name="suite-WS_Suite" class="show-methods skipped suite-WS_Suite"> (show)</a> <!-- show-methods skipped suite-WS_Suite -->
                    </span>
                    <div class="method-list-content skipped suite-WS_Suite">
                      <span>
                        <img src="skipped.png" width="3%"/>
                        <a href="#" panel-name="suite-WS_Suite" title="com.controller.ScriptExecution" class="method navigator-link" hash-for-method="CorporateDashboard02">CorporateDashboard02</a> <!-- method navigator-link -->
                      </span>
                      <br/>
                      <span>
                        <img src="skipped.png" width="3%"/>
                        <a href="#" panel-name="suite-WS_Suite" title="com.controller.ScriptExecution" class="method navigator-link" hash-for-method="CorporateDashboard03">CorporateDashboard03</a> <!-- method navigator-link -->
                      </span>
                      <br/>
                    </div> <!-- method-list-content skipped suite-WS_Suite -->
                  </li>
                  <li>
                    <span class="method-list-title passed">Passed methods</span>
                    <span class="show-or-hide-methods passed">
                      <a href="#" panel-name="suite-WS_Suite" class="hide-methods passed suite-WS_Suite"> (hide)</a> <!-- hide-methods passed suite-WS_Suite -->
                      <a href="#" panel-name="suite-WS_Suite" class="show-methods passed suite-WS_Suite"> (show)</a> <!-- show-methods passed suite-WS_Suite -->
                    </span>
                    <div class="method-list-content passed suite-WS_Suite">
                      <span>
                        <img src="passed.png" width="3%"/>
                        <a href="#" panel-name="suite-WS_Suite" title="com.controller.ScriptExecution" class="method navigator-link" hash-for-method="CorpProfile2">CorpProfile2</a> <!-- method navigator-link -->
                      </span>
                      <br/>
                      <span>
                        <img src="passed.png" width="3%"/>
                        <a href="#" panel-name="suite-WS_Suite" title="com.controller.ScriptExecution" class="method navigator-link" hash-for-method="CorpUserMangement09">CorpUserMangement09</a> <!-- method navigator-link -->
                      </span>
                      <br/>
                      <span>
                        <img src="passed.png" width="3%"/>
                        <a href="#" panel-name="suite-WS_Suite" title="com.controller.ScriptExecution" class="method navigator-link" hash-for-method="CorpUserMangement11">CorpUserMangement11</a> <!-- method navigator-link -->
                      </span>
                      <br/>
                      <span>
                        <img src="passed.png" width="3%"/>
                        <a href="#" panel-name="suite-WS_Suite" title="com.controller.ScriptExecution" class="method navigator-link" hash-for-method="CorporateDashboard01">CorporateDashboard01</a> <!-- method navigator-link -->
                      </span>
                      <br/>
                      <span>
                        <img src="passed.png" width="3%"/>
                        <a href="#" panel-name="suite-WS_Suite" title="com.controller.ScriptExecution" class="method navigator-link" hash-for-method="CorporateJob1">CorporateJob1</a> <!-- method navigator-link -->
                      </span>
                      <br/>
                      <span>
                        <img src="passed.png" width="3%"/>
                        <a href="#" panel-name="suite-WS_Suite" title="com.controller.ScriptExecution" class="method navigator-link" hash-for-method="Login1">Login1</a> <!-- method navigator-link -->
                      </span>
                      <br/>
                      <span>
                        <img src="passed.png" width="3%"/>
                        <a href="#" panel-name="suite-WS_Suite" title="com.controller.ScriptExecution" class="method navigator-link" hash-for-method="Login2">Login2</a> <!-- method navigator-link -->
                      </span>
                      <br/>
                      <span>
                        <img src="passed.png" width="3%"/>
                        <a href="#" panel-name="suite-WS_Suite" title="com.controller.ScriptExecution" class="method navigator-link" hash-for-method="Login3">Login3</a> <!-- method navigator-link -->
                      </span>
                      <br/>
                      <span>
                        <img src="passed.png" width="3%"/>
                        <a href="#" panel-name="suite-WS_Suite" title="com.controller.ScriptExecution" class="method navigator-link" hash-for-method="Login4">Login4</a> <!-- method navigator-link -->
                      </span>
                      <br/>
                      <span>
                        <img src="passed.png" width="3%"/>
                        <a href="#" panel-name="suite-WS_Suite" title="com.controller.ScriptExecution" class="method navigator-link" hash-for-method="Login5">Login5</a> <!-- method navigator-link -->
                      </span>
                      <br/>
                      <span>
                        <img src="passed.png" width="3%"/>
                        <a href="#" panel-name="suite-WS_Suite" title="com.controller.ScriptExecution" class="method navigator-link" hash-for-method="Login6">Login6</a> <!-- method navigator-link -->
                      </span>
                      <br/>
                      <span>
                        <img src="passed.png" width="3%"/>
                        <a href="#" panel-name="suite-WS_Suite" title="com.controller.ScriptExecution" class="method navigator-link" hash-for-method="Submission03">Submission03</a> <!-- method navigator-link -->
                      </span>
                      <br/>
                      <span>
                        <img src="passed.png" width="3%"/>
                        <a href="#" panel-name="suite-WS_Suite" title="com.controller.ScriptExecution" class="method navigator-link" hash-for-method="Submission04">Submission04</a> <!-- method navigator-link -->
                      </span>
                      <br/>
                      <span>
                        <img src="passed.png" width="3%"/>
                        <a href="#" panel-name="suite-WS_Suite" title="com.controller.ScriptExecution" class="method navigator-link" hash-for-method="Submission05">Submission05</a> <!-- method navigator-link -->
                      </span>
                      <br/>
                      <span>
                        <img src="passed.png" width="3%"/>
                        <a href="#" panel-name="suite-WS_Suite" title="com.controller.ScriptExecution" class="method navigator-link" hash-for-method="Submission06">Submission06</a> <!-- method navigator-link -->
                      </span>
                      <br/>
                      <span>
                        <img src="passed.png" width="3%"/>
                        <a href="#" panel-name="suite-WS_Suite" title="com.controller.ScriptExecution" class="method navigator-link" hash-for-method="Submission07">Submission07</a> <!-- method navigator-link -->
                      </span>
                      <br/>
                      <span>
                        <img src="passed.png" width="3%"/>
                        <a href="#" panel-name="suite-WS_Suite" title="com.controller.ScriptExecution" class="method navigator-link" hash-for-method="WSAdmin01">WSAdmin01</a> <!-- method navigator-link -->
                      </span>
                      <br/>
                      <span>
                        <img src="passed.png" width="3%"/>
                        <a href="#" panel-name="suite-WS_Suite" title="com.controller.ScriptExecution" class="method navigator-link" hash-for-method="WSAdmin02">WSAdmin02</a> <!-- method navigator-link -->
                      </span>
                      <br/>
                      <span>
                        <img src="passed.png" width="3%"/>
                        <a href="#" panel-name="suite-WS_Suite" title="com.controller.ScriptExecution" class="method navigator-link" hash-for-method="WSAdmin03">WSAdmin03</a> <!-- method navigator-link -->
                      </span>
                      <br/>
                      <span>
                        <img src="passed.png" width="3%"/>
                        <a href="#" panel-name="suite-WS_Suite" title="com.controller.ScriptExecution" class="method navigator-link" hash-for-method="WSAdmin04">WSAdmin04</a> <!-- method navigator-link -->
                      </span>
                      <br/>
                      <span>
                        <img src="passed.png" width="3%"/>
                        <a href="#" panel-name="suite-WS_Suite" title="com.controller.ScriptExecution" class="method navigator-link" hash-for-method="WSAdmin05">WSAdmin05</a> <!-- method navigator-link -->
                      </span>
                      <br/>
                      <span>
                        <img src="passed.png" width="3%"/>
                        <a href="#" panel-name="suite-WS_Suite" title="com.controller.ScriptExecution" class="method navigator-link" hash-for-method="WSAdmin07">WSAdmin07</a> <!-- method navigator-link -->
                      </span>
                      <br/>
                      <span>
                        <img src="passed.png" width="3%"/>
                        <a href="#" panel-name="suite-WS_Suite" title="com.controller.ScriptExecution" class="method navigator-link" hash-for-method="WSAdmin08">WSAdmin08</a> <!-- method navigator-link -->
                      </span>
                      <br/>
                      <span>
                        <img src="passed.png" width="3%"/>
                        <a href="#" panel-name="suite-WS_Suite" title="com.controller.ScriptExecution" class="method navigator-link" hash-for-method="WSAdmin10">WSAdmin10</a> <!-- method navigator-link -->
                      </span>
                      <br/>
                    </div> <!-- method-list-content passed suite-WS_Suite -->
                  </li>
                </ul>
              </div> <!-- suite-section-content -->
            </div> <!-- result-section -->
          </div> <!-- navigator-suite-content -->
        </div> <!-- rounded-window -->
      </div> <!-- suite -->
    </div> <!-- navigator-root -->
    <div class="wrapper">
      <div class="main-panel-root">
        <div panel-name="suite-WS_Suite" class="panel WS_Suite">
          <div class="suite-WS_Suite-class-failed">
            <div class="main-panel-header rounded-window-top">
              <img src="failed.png"/>
              <span class="class-name">com.controller.ScriptExecution</span>
            </div> <!-- main-panel-header rounded-window-top -->
            <div class="main-panel-content rounded-window-bottom">
              <div class="method">
                <div class="method-content">
                  <a name="CorpProfile1">
                  </a> <!-- CorpProfile1 -->
                  <span class="method-name">CorpProfile1</span>
                  <div class="stack-trace">org.openqa.selenium.WebDriverException: unknown error: Element &lt;input _ngcontent-c24=&quot;&quot; class=&quot;mat-input-element mat-form-field-autofill-control cdk-text-field-autofill-monitored ng-untouched ng-pristine ng-invalid&quot; matinput=&quot;&quot; ng-reflect-required=&quot;true&quot; ng-reflect-pattern=&quot;/(.|\s) *\S(.|\s)*/&quot; ng-reflect-autocomplete=&quot;[object Object]&quot; ng-reflect-name=&quot;solutionType&quot; ng-reflect-is-disabled=&quot;false&quot; type=&quot;text&quot; ng-reflect-disabled=&quot;false&quot; ng-reflect-id=&quot;solutionType&quot; ng-reflect-placeholder=&quot;Type&quot; ng-reflect-event-object=&quot;[object Object]&quot; min=&quot;undefined&quot; max=&quot;undefined&quot; required=&quot;&quot; pattern=&quot;/(.|\s) *\S(.|\s)*/&quot; autocomplete=&quot;off&quot; role=&quot;combobox&quot; aria-autocomplete=&quot;list&quot; aria-expanded=&quot;false&quot; id=&quot;solutionType&quot; placeholder=&quot;Type&quot; aria-invalid=&quot;false&quot; aria-required=&quot;true&quot;&gt; is not clickable at point (259, 439). Other element would receive the click: &lt;div _ngcontent-c71=&quot;&quot; class=&quot;mat-dialog-actions ng-star-inserted&quot; mat-dialog-actions=&quot;&quot; style=&quot;&quot;&gt;...&lt;/div&gt;
  (Session info: chrome=71.0.3578.98)
  (Driver info: chromedriver=2.45.615291 (ec3682e3c9061c10f26ea9e5cdcf3c53f3f74387),platform=Windows NT 10.0.17134 x86_64) (WARNING: The server did not provide any stacktrace information)
Command duration or timeout: 0 milliseconds
Build info: version: &apos;3.14.0&apos;, revision: &apos;aacccce0&apos;, time: &apos;2018-08-02T20:19:58.91Z&apos;
System info: host: &apos;DESKTOP-L268OE3&apos;, ip: &apos;192.168.1.47&apos;, os.name: &apos;Windows 10&apos;, os.arch: &apos;amd64&apos;, os.version: &apos;10.0&apos;, java.version: &apos;10.0.2&apos;
Driver info: org.openqa.selenium.chrome.ChromeDriver
Capabilities {acceptInsecureCerts: true, acceptSslCerts: true, applicationCacheEnabled: false, browserConnectionEnabled: false, browserName: chrome, chrome: {chromedriverVersion: 2.45.615291 (ec3682e3c9061c..., userDataDir: C:\WINDOWS\TEMP\scoped_dir5...}, cssSelectorsEnabled: true, databaseEnabled: false, goog:chromeOptions: {debuggerAddress: localhost:59816}, handlesAlerts: true, hasTouchScreen: false, javascriptEnabled: true, locationContextEnabled: true, mobileEmulationEnabled: false, nativeEvents: true, networkConnectionEnabled: false, pageLoadStrategy: normal, platform: XP, platformName: XP, proxy: Proxy(), rotatable: false, setWindowRect: true, strictFileInteractability: false, takesHeapSnapshot: true, takesScreenshot: true, timeouts: {implicit: 0, pageLoad: 300000, script: 30000}, unexpectedAlertBehaviour: ignore, unhandledPromptBehavior: ignore, version: 71.0.3578.98, webStorageEnabled: true}
Session ID: 8dd30aab407da0f706fee623e181c011
	at org.openqa.selenium.remote.ErrorHandler.createThrowable(ErrorHandler.java:214)
	at org.openqa.selenium.remote.ErrorHandler.throwIfResponseFailed(ErrorHandler.java:166)
	at org.openqa.selenium.remote.http.JsonHttpResponseCodec.reconstructValue(JsonHttpResponseCodec.java:40)
	at org.openqa.selenium.remote.http.AbstractHttpResponseCodec.decode(AbstractHttpResponseCodec.java:80)
	at org.openqa.selenium.remote.http.AbstractHttpResponseCodec.decode(AbstractHttpResponseCodec.java:44)
	at org.openqa.selenium.remote.HttpCommandExecutor.execute(HttpCommandExecutor.java:158)
	at org.openqa.selenium.remote.service.DriverCommandExecutor.execute(DriverCommandExecutor.java:83)
	at org.openqa.selenium.remote.RemoteWebDriver.execute(RemoteWebDriver.java:548)
	at org.openqa.selenium.remote.RemoteWebElement.execute(RemoteWebElement.java:276)
	at org.openqa.selenium.remote.RemoteWebElement.click(RemoteWebElement.java:83)
	at org.openqa.selenium.support.pagefactory.internal.LocatingElementHandler.invoke(LocatingElementHandler.java:51)
	at com.sun.proxy.$Proxy10.click(Unknown Source)
	at com.objects_pages.Corporate_Profile_OfficeLocations_Page.deleteSolutionandAddNew(Corporate_Profile_OfficeLocations_Page.java:135)
	at com.scenarios.TC_016_Create_Save_Corporate_Profile.VerifyEditandSaveCorporateCompanyProfilePage(TC_016_Create_Save_Corporate_Profile.java:79)
	at com.controller.ScriptExecution.CorpProfile1(ScriptExecution.java:90)
	at java.base/java.util.concurrent.ThreadPoolExecutor.runWorker(Unknown Source)
	at java.base/java.util.concurrent.ThreadPoolExecutor$Worker.run(Unknown Source)
	at java.base/java.lang.Thread.run(Unknown Source)
... Removed 18 stack frames
</div> <!-- stack-trace -->
                </div> <!-- method-content -->
              </div> <!-- method -->
              <div class="method">
                <div class="method-content">
                  <a name="CorpUserMangement01">
                  </a> <!-- CorpUserMangement01 -->
                  <span class="method-name">CorpUserMangement01</span>
                  <div class="stack-trace">org.openqa.selenium.NoSuchElementException: no such element: Unable to locate element: {&quot;method&quot;:&quot;xpath&quot;,&quot;selector&quot;:&quot;//div[@class=&apos;user-card-wrapper &apos;][1]&quot;}
  (Session info: chrome=71.0.3578.98)
  (Driver info: chromedriver=2.45.615291 (ec3682e3c9061c10f26ea9e5cdcf3c53f3f74387),platform=Windows NT 10.0.17134 x86_64) (WARNING: The server did not provide any stacktrace information)
Command duration or timeout: 0 milliseconds
For documentation on this error, please visit: http://seleniumhq.org/exceptions/no_such_element.html
Build info: version: &apos;3.14.0&apos;, revision: &apos;aacccce0&apos;, time: &apos;2018-08-02T20:19:58.91Z&apos;
System info: host: &apos;DESKTOP-L268OE3&apos;, ip: &apos;192.168.1.47&apos;, os.name: &apos;Windows 10&apos;, os.arch: &apos;amd64&apos;, os.version: &apos;10.0&apos;, java.version: &apos;10.0.2&apos;
Driver info: org.openqa.selenium.chrome.ChromeDriver
Capabilities {acceptInsecureCerts: true, acceptSslCerts: true, applicationCacheEnabled: false, browserConnectionEnabled: false, browserName: chrome, chrome: {chromedriverVersion: 2.45.615291 (ec3682e3c9061c..., userDataDir: C:\WINDOWS\TEMP\scoped_dir1...}, cssSelectorsEnabled: true, databaseEnabled: false, goog:chromeOptions: {debuggerAddress: localhost:59941}, handlesAlerts: true, hasTouchScreen: false, javascriptEnabled: true, locationContextEnabled: true, mobileEmulationEnabled: false, nativeEvents: true, networkConnectionEnabled: false, pageLoadStrategy: normal, platform: XP, platformName: XP, proxy: Proxy(), rotatable: false, setWindowRect: true, strictFileInteractability: false, takesHeapSnapshot: true, takesScreenshot: true, timeouts: {implicit: 0, pageLoad: 300000, script: 30000}, unexpectedAlertBehaviour: ignore, unhandledPromptBehavior: ignore, version: 71.0.3578.98, webStorageEnabled: true}
Session ID: 2081559504f2f560fa40c51c3fdb180a
*** Element info: {Using=xpath, value=//div[@class=&apos;user-card-wrapper &apos;][1]}
	at org.openqa.selenium.remote.ErrorHandler.createThrowable(ErrorHandler.java:214)
	at org.openqa.selenium.remote.ErrorHandler.throwIfResponseFailed(ErrorHandler.java:166)
	at org.openqa.selenium.remote.http.JsonHttpResponseCodec.reconstructValue(JsonHttpResponseCodec.java:40)
	at org.openqa.selenium.remote.http.AbstractHttpResponseCodec.decode(AbstractHttpResponseCodec.java:80)
	at org.openqa.selenium.remote.http.AbstractHttpResponseCodec.decode(AbstractHttpResponseCodec.java:44)
	at org.openqa.selenium.remote.HttpCommandExecutor.execute(HttpCommandExecutor.java:158)
	at org.openqa.selenium.remote.service.DriverCommandExecutor.execute(DriverCommandExecutor.java:83)
	at org.openqa.selenium.remote.RemoteWebDriver.execute(RemoteWebDriver.java:548)
	at org.openqa.selenium.remote.RemoteWebDriver.findElement(RemoteWebDriver.java:322)
	at org.openqa.selenium.remote.RemoteWebDriver.findElementByXPath(RemoteWebDriver.java:424)
	at org.openqa.selenium.By$ByXPath.findElement(By.java:353)
	at org.openqa.selenium.remote.RemoteWebDriver.findElement(RemoteWebDriver.java:314)
	at org.openqa.selenium.support.pagefactory.DefaultElementLocator.findElement(DefaultElementLocator.java:69)
	at org.openqa.selenium.support.pagefactory.internal.LocatingElementHandler.invoke(LocatingElementHandler.java:38)
	at com.sun.proxy.$Proxy10.isDisplayed(Unknown Source)
	at com.objects_pages.CorporateAdmin_UserManagement_Page.verifyFirstUserCard(CorporateAdmin_UserManagement_Page.java:161)
	at com.scenarios.CorpAdm_User_TC001_VerifyUsersTab.checkUserTabandLicenseofCorpAdmin(CorpAdm_User_TC001_VerifyUsersTab.java:48)
	at com.controller.ScriptExecution.CorpUserMangement01(ScriptExecution.java:141)
	at java.base/java.util.concurrent.ThreadPoolExecutor.runWorker(Unknown Source)
	at java.base/java.util.concurrent.ThreadPoolExecutor$Worker.run(Unknown Source)
	at java.base/java.lang.Thread.run(Unknown Source)
... Removed 14 stack frames
</div> <!-- stack-trace -->
                </div> <!-- method-content -->
              </div> <!-- method -->
              <div class="method">
                <div class="method-content">
                  <a name="CorpUserMangement02">
                  </a> <!-- CorpUserMangement02 -->
                  <span class="method-name">CorpUserMangement02</span>
                  <div class="stack-trace">org.openqa.selenium.NoSuchElementException: no such element: Unable to locate element: {&quot;method&quot;:&quot;xpath&quot;,&quot;selector&quot;:&quot;//div[@class=&apos;user-card-wrapper &apos;][1]&quot;}
  (Session info: chrome=71.0.3578.98)
  (Driver info: chromedriver=2.45.615291 (ec3682e3c9061c10f26ea9e5cdcf3c53f3f74387),platform=Windows NT 10.0.17134 x86_64) (WARNING: The server did not provide any stacktrace information)
Command duration or timeout: 0 milliseconds
For documentation on this error, please visit: http://seleniumhq.org/exceptions/no_such_element.html
Build info: version: &apos;3.14.0&apos;, revision: &apos;aacccce0&apos;, time: &apos;2018-08-02T20:19:58.91Z&apos;
System info: host: &apos;DESKTOP-L268OE3&apos;, ip: &apos;192.168.1.47&apos;, os.name: &apos;Windows 10&apos;, os.arch: &apos;amd64&apos;, os.version: &apos;10.0&apos;, java.version: &apos;10.0.2&apos;
Driver info: org.openqa.selenium.chrome.ChromeDriver
Capabilities {acceptInsecureCerts: true, acceptSslCerts: true, applicationCacheEnabled: false, browserConnectionEnabled: false, browserName: chrome, chrome: {chromedriverVersion: 2.45.615291 (ec3682e3c9061c..., userDataDir: C:\WINDOWS\TEMP\scoped_dir1...}, cssSelectorsEnabled: true, databaseEnabled: false, goog:chromeOptions: {debuggerAddress: localhost:59971}, handlesAlerts: true, hasTouchScreen: false, javascriptEnabled: true, locationContextEnabled: true, mobileEmulationEnabled: false, nativeEvents: true, networkConnectionEnabled: false, pageLoadStrategy: normal, platform: XP, platformName: XP, proxy: Proxy(), rotatable: false, setWindowRect: true, strictFileInteractability: false, takesHeapSnapshot: true, takesScreenshot: true, timeouts: {implicit: 0, pageLoad: 300000, script: 30000}, unexpectedAlertBehaviour: ignore, unhandledPromptBehavior: ignore, version: 71.0.3578.98, webStorageEnabled: true}
Session ID: 2742fee76a2fbb15f436b6b6988c1b89
*** Element info: {Using=xpath, value=//div[@class=&apos;user-card-wrapper &apos;][1]}
	at org.openqa.selenium.remote.ErrorHandler.createThrowable(ErrorHandler.java:214)
	at org.openqa.selenium.remote.ErrorHandler.throwIfResponseFailed(ErrorHandler.java:166)
	at org.openqa.selenium.remote.http.JsonHttpResponseCodec.reconstructValue(JsonHttpResponseCodec.java:40)
	at org.openqa.selenium.remote.http.AbstractHttpResponseCodec.decode(AbstractHttpResponseCodec.java:80)
	at org.openqa.selenium.remote.http.AbstractHttpResponseCodec.decode(AbstractHttpResponseCodec.java:44)
	at org.openqa.selenium.remote.HttpCommandExecutor.execute(HttpCommandExecutor.java:158)
	at org.openqa.selenium.remote.service.DriverCommandExecutor.execute(DriverCommandExecutor.java:83)
	at org.openqa.selenium.remote.RemoteWebDriver.execute(RemoteWebDriver.java:548)
	at org.openqa.selenium.remote.RemoteWebDriver.findElement(RemoteWebDriver.java:322)
	at org.openqa.selenium.remote.RemoteWebDriver.findElementByXPath(RemoteWebDriver.java:424)
	at org.openqa.selenium.By$ByXPath.findElement(By.java:353)
	at org.openqa.selenium.remote.RemoteWebDriver.findElement(RemoteWebDriver.java:314)
	at org.openqa.selenium.support.pagefactory.DefaultElementLocator.findElement(DefaultElementLocator.java:69)
	at org.openqa.selenium.support.pagefactory.internal.LocatingElementHandler.invoke(LocatingElementHandler.java:38)
	at com.sun.proxy.$Proxy10.isDisplayed(Unknown Source)
	at com.objects_pages.CorporateAdmin_UserManagement_Page.verifyFirstUserCard(CorporateAdmin_UserManagement_Page.java:161)
	at com.scenarios.CorpAdm_User_TC002_AddUser.addCorporateUser(CorpAdm_User_TC002_AddUser.java:49)
	at com.controller.ScriptExecution.CorpUserMangement02(ScriptExecution.java:147)
	at java.base/java.util.concurrent.ThreadPoolExecutor.runWorker(Unknown Source)
	at java.base/java.util.concurrent.ThreadPoolExecutor$Worker.run(Unknown Source)
	at java.base/java.lang.Thread.run(Unknown Source)
... Removed 14 stack frames
</div> <!-- stack-trace -->
                </div> <!-- method-content -->
              </div> <!-- method -->
              <div class="method">
                <div class="method-content">
                  <a name="CorpUserMangement03">
                  </a> <!-- CorpUserMangement03 -->
                  <span class="method-name">CorpUserMangement03</span>
                  <div class="stack-trace">org.openqa.selenium.NoSuchElementException: no such element: Unable to locate element: {&quot;method&quot;:&quot;xpath&quot;,&quot;selector&quot;:&quot;//i[contains(text(),&apos;edit&apos;)][1]&quot;}
  (Session info: chrome=71.0.3578.98)
  (Driver info: chromedriver=2.45.615291 (ec3682e3c9061c10f26ea9e5cdcf3c53f3f74387),platform=Windows NT 10.0.17134 x86_64) (WARNING: The server did not provide any stacktrace information)
Command duration or timeout: 0 milliseconds
For documentation on this error, please visit: http://seleniumhq.org/exceptions/no_such_element.html
Build info: version: &apos;3.14.0&apos;, revision: &apos;aacccce0&apos;, time: &apos;2018-08-02T20:19:58.91Z&apos;
System info: host: &apos;DESKTOP-L268OE3&apos;, ip: &apos;192.168.1.47&apos;, os.name: &apos;Windows 10&apos;, os.arch: &apos;amd64&apos;, os.version: &apos;10.0&apos;, java.version: &apos;10.0.2&apos;
Driver info: org.openqa.selenium.chrome.ChromeDriver
Capabilities {acceptInsecureCerts: true, acceptSslCerts: true, applicationCacheEnabled: false, browserConnectionEnabled: false, browserName: chrome, chrome: {chromedriverVersion: 2.45.615291 (ec3682e3c9061c..., userDataDir: C:\WINDOWS\TEMP\scoped_dir1...}, cssSelectorsEnabled: true, databaseEnabled: false, goog:chromeOptions: {debuggerAddress: localhost:60021}, handlesAlerts: true, hasTouchScreen: false, javascriptEnabled: true, locationContextEnabled: true, mobileEmulationEnabled: false, nativeEvents: true, networkConnectionEnabled: false, pageLoadStrategy: normal, platform: XP, platformName: XP, proxy: Proxy(), rotatable: false, setWindowRect: true, strictFileInteractability: false, takesHeapSnapshot: true, takesScreenshot: true, timeouts: {implicit: 0, pageLoad: 300000, script: 30000}, unexpectedAlertBehaviour: ignore, unhandledPromptBehavior: ignore, version: 71.0.3578.98, webStorageEnabled: true}
Session ID: dfc5695417b889cb39f813884d88c13e
*** Element info: {Using=xpath, value=//i[contains(text(),&apos;edit&apos;)][1]}
	at org.openqa.selenium.remote.ErrorHandler.createThrowable(ErrorHandler.java:214)
	at org.openqa.selenium.remote.ErrorHandler.throwIfResponseFailed(ErrorHandler.java:166)
	at org.openqa.selenium.remote.http.JsonHttpResponseCodec.reconstructValue(JsonHttpResponseCodec.java:40)
	at org.openqa.selenium.remote.http.AbstractHttpResponseCodec.decode(AbstractHttpResponseCodec.java:80)
	at org.openqa.selenium.remote.http.AbstractHttpResponseCodec.decode(AbstractHttpResponseCodec.java:44)
	at org.openqa.selenium.remote.HttpCommandExecutor.execute(HttpCommandExecutor.java:158)
	at org.openqa.selenium.remote.service.DriverCommandExecutor.execute(DriverCommandExecutor.java:83)
	at org.openqa.selenium.remote.RemoteWebDriver.execute(RemoteWebDriver.java:548)
	at org.openqa.selenium.remote.RemoteWebDriver.findElement(RemoteWebDriver.java:322)
	at org.openqa.selenium.remote.RemoteWebDriver.findElementByXPath(RemoteWebDriver.java:424)
	at org.openqa.selenium.By$ByXPath.findElement(By.java:353)
	at org.openqa.selenium.remote.RemoteWebDriver.findElement(RemoteWebDriver.java:314)
	at org.openqa.selenium.support.pagefactory.DefaultElementLocator.findElement(DefaultElementLocator.java:69)
	at org.openqa.selenium.support.pagefactory.internal.LocatingElementHandler.invoke(LocatingElementHandler.java:38)
	at com.sun.proxy.$Proxy10.click(Unknown Source)
	at com.objects_pages.CorporateAdmin_UserManagement_Page.clickOnFirstUserCardEdit(CorporateAdmin_UserManagement_Page.java:214)
	at com.scenarios.CorpAdm_User_TC004_EditUserName.editUserName(CorpAdm_User_TC004_EditUserName.java:62)
	at com.scenarios.CorpAdm_User_TC004_EditUserName.editCorpUsersforNameField(CorpAdm_User_TC004_EditUserName.java:42)
	at com.controller.ScriptExecution.CorpUserMangement03(ScriptExecution.java:154)
	at java.base/java.util.concurrent.ThreadPoolExecutor.runWorker(Unknown Source)
	at java.base/java.util.concurrent.ThreadPoolExecutor$Worker.run(Unknown Source)
	at java.base/java.lang.Thread.run(Unknown Source)
... Removed 14 stack frames
</div> <!-- stack-trace -->
                </div> <!-- method-content -->
              </div> <!-- method -->
              <div class="method">
                <div class="method-content">
                  <a name="CorpUserMangement04">
                  </a> <!-- CorpUserMangement04 -->
                  <span class="method-name">CorpUserMangement04</span>
                  <div class="stack-trace">org.openqa.selenium.NoSuchElementException: no such element: Unable to locate element: {&quot;method&quot;:&quot;xpath&quot;,&quot;selector&quot;:&quot;//i[contains(text(),&apos;edit&apos;)][1]&quot;}
  (Session info: chrome=71.0.3578.98)
  (Driver info: chromedriver=2.45.615291 (ec3682e3c9061c10f26ea9e5cdcf3c53f3f74387),platform=Windows NT 10.0.17134 x86_64) (WARNING: The server did not provide any stacktrace information)
Command duration or timeout: 0 milliseconds
For documentation on this error, please visit: http://seleniumhq.org/exceptions/no_such_element.html
Build info: version: &apos;3.14.0&apos;, revision: &apos;aacccce0&apos;, time: &apos;2018-08-02T20:19:58.91Z&apos;
System info: host: &apos;DESKTOP-L268OE3&apos;, ip: &apos;192.168.1.47&apos;, os.name: &apos;Windows 10&apos;, os.arch: &apos;amd64&apos;, os.version: &apos;10.0&apos;, java.version: &apos;10.0.2&apos;
Driver info: org.openqa.selenium.chrome.ChromeDriver
Capabilities {acceptInsecureCerts: true, acceptSslCerts: true, applicationCacheEnabled: false, browserConnectionEnabled: false, browserName: chrome, chrome: {chromedriverVersion: 2.45.615291 (ec3682e3c9061c..., userDataDir: C:\WINDOWS\TEMP\scoped_dir1...}, cssSelectorsEnabled: true, databaseEnabled: false, goog:chromeOptions: {debuggerAddress: localhost:60059}, handlesAlerts: true, hasTouchScreen: false, javascriptEnabled: true, locationContextEnabled: true, mobileEmulationEnabled: false, nativeEvents: true, networkConnectionEnabled: false, pageLoadStrategy: normal, platform: XP, platformName: XP, proxy: Proxy(), rotatable: false, setWindowRect: true, strictFileInteractability: false, takesHeapSnapshot: true, takesScreenshot: true, timeouts: {implicit: 0, pageLoad: 300000, script: 30000}, unexpectedAlertBehaviour: ignore, unhandledPromptBehavior: ignore, version: 71.0.3578.98, webStorageEnabled: true}
Session ID: a97d8d62085ccd140966f9b885567ffb
*** Element info: {Using=xpath, value=//i[contains(text(),&apos;edit&apos;)][1]}
	at org.openqa.selenium.remote.ErrorHandler.createThrowable(ErrorHandler.java:214)
	at org.openqa.selenium.remote.ErrorHandler.throwIfResponseFailed(ErrorHandler.java:166)
	at org.openqa.selenium.remote.http.JsonHttpResponseCodec.reconstructValue(JsonHttpResponseCodec.java:40)
	at org.openqa.selenium.remote.http.AbstractHttpResponseCodec.decode(AbstractHttpResponseCodec.java:80)
	at org.openqa.selenium.remote.http.AbstractHttpResponseCodec.decode(AbstractHttpResponseCodec.java:44)
	at org.openqa.selenium.remote.HttpCommandExecutor.execute(HttpCommandExecutor.java:158)
	at org.openqa.selenium.remote.service.DriverCommandExecutor.execute(DriverCommandExecutor.java:83)
	at org.openqa.selenium.remote.RemoteWebDriver.execute(RemoteWebDriver.java:548)
	at org.openqa.selenium.remote.RemoteWebDriver.findElement(RemoteWebDriver.java:322)
	at org.openqa.selenium.remote.RemoteWebDriver.findElementByXPath(RemoteWebDriver.java:424)
	at org.openqa.selenium.By$ByXPath.findElement(By.java:353)
	at org.openqa.selenium.remote.RemoteWebDriver.findElement(RemoteWebDriver.java:314)
	at org.openqa.selenium.support.pagefactory.DefaultElementLocator.findElement(DefaultElementLocator.java:69)
	at org.openqa.selenium.support.pagefactory.internal.LocatingElementHandler.invoke(LocatingElementHandler.java:38)
	at com.sun.proxy.$Proxy10.click(Unknown Source)
	at com.objects_pages.CorporateAdmin_UserManagement_Page.clickOnFirstUserCardEdit(CorporateAdmin_UserManagement_Page.java:214)
	at com.scenarios.CorpAdm_User_TC005_EditEmailId.editUserEmailId(CorpAdm_User_TC005_EditEmailId.java:62)
	at com.scenarios.CorpAdm_User_TC005_EditEmailId.editCorpUsersforEmailField(CorpAdm_User_TC005_EditEmailId.java:42)
	at com.controller.ScriptExecution.CorpUserMangement04(ScriptExecution.java:160)
	at java.base/java.util.concurrent.ThreadPoolExecutor.runWorker(Unknown Source)
	at java.base/java.util.concurrent.ThreadPoolExecutor$Worker.run(Unknown Source)
	at java.base/java.lang.Thread.run(Unknown Source)
... Removed 14 stack frames
</div> <!-- stack-trace -->
                </div> <!-- method-content -->
              </div> <!-- method -->
              <div class="method">
                <div class="method-content">
                  <a name="CorpUserMangement05">
                  </a> <!-- CorpUserMangement05 -->
                  <span class="method-name">CorpUserMangement05</span>
                  <div class="stack-trace">org.openqa.selenium.NoSuchElementException: no such element: Unable to locate element: {&quot;method&quot;:&quot;xpath&quot;,&quot;selector&quot;:&quot;//i[contains(text(),&apos;edit&apos;)][1]&quot;}
  (Session info: chrome=71.0.3578.98)
  (Driver info: chromedriver=2.45.615291 (ec3682e3c9061c10f26ea9e5cdcf3c53f3f74387),platform=Windows NT 10.0.17134 x86_64) (WARNING: The server did not provide any stacktrace information)
Command duration or timeout: 0 milliseconds
For documentation on this error, please visit: http://seleniumhq.org/exceptions/no_such_element.html
Build info: version: &apos;3.14.0&apos;, revision: &apos;aacccce0&apos;, time: &apos;2018-08-02T20:19:58.91Z&apos;
System info: host: &apos;DESKTOP-L268OE3&apos;, ip: &apos;192.168.1.47&apos;, os.name: &apos;Windows 10&apos;, os.arch: &apos;amd64&apos;, os.version: &apos;10.0&apos;, java.version: &apos;10.0.2&apos;
Driver info: org.openqa.selenium.chrome.ChromeDriver
Capabilities {acceptInsecureCerts: true, acceptSslCerts: true, applicationCacheEnabled: false, browserConnectionEnabled: false, browserName: chrome, chrome: {chromedriverVersion: 2.45.615291 (ec3682e3c9061c..., userDataDir: C:\WINDOWS\TEMP\scoped_dir9...}, cssSelectorsEnabled: true, databaseEnabled: false, goog:chromeOptions: {debuggerAddress: localhost:60118}, handlesAlerts: true, hasTouchScreen: false, javascriptEnabled: true, locationContextEnabled: true, mobileEmulationEnabled: false, nativeEvents: true, networkConnectionEnabled: false, pageLoadStrategy: normal, platform: XP, platformName: XP, proxy: Proxy(), rotatable: false, setWindowRect: true, strictFileInteractability: false, takesHeapSnapshot: true, takesScreenshot: true, timeouts: {implicit: 0, pageLoad: 300000, script: 30000}, unexpectedAlertBehaviour: ignore, unhandledPromptBehavior: ignore, version: 71.0.3578.98, webStorageEnabled: true}
Session ID: 32ffd91e3ca5841df086cf100ba1c3d8
*** Element info: {Using=xpath, value=//i[contains(text(),&apos;edit&apos;)][1]}
	at org.openqa.selenium.remote.ErrorHandler.createThrowable(ErrorHandler.java:214)
	at org.openqa.selenium.remote.ErrorHandler.throwIfResponseFailed(ErrorHandler.java:166)
	at org.openqa.selenium.remote.http.JsonHttpResponseCodec.reconstructValue(JsonHttpResponseCodec.java:40)
	at org.openqa.selenium.remote.http.AbstractHttpResponseCodec.decode(AbstractHttpResponseCodec.java:80)
	at org.openqa.selenium.remote.http.AbstractHttpResponseCodec.decode(AbstractHttpResponseCodec.java:44)
	at org.openqa.selenium.remote.HttpCommandExecutor.execute(HttpCommandExecutor.java:158)
	at org.openqa.selenium.remote.service.DriverCommandExecutor.execute(DriverCommandExecutor.java:83)
	at org.openqa.selenium.remote.RemoteWebDriver.execute(RemoteWebDriver.java:548)
	at org.openqa.selenium.remote.RemoteWebDriver.findElement(RemoteWebDriver.java:322)
	at org.openqa.selenium.remote.RemoteWebDriver.findElementByXPath(RemoteWebDriver.java:424)
	at org.openqa.selenium.By$ByXPath.findElement(By.java:353)
	at org.openqa.selenium.remote.RemoteWebDriver.findElement(RemoteWebDriver.java:314)
	at org.openqa.selenium.support.pagefactory.DefaultElementLocator.findElement(DefaultElementLocator.java:69)
	at org.openqa.selenium.support.pagefactory.internal.LocatingElementHandler.invoke(LocatingElementHandler.java:38)
	at com.sun.proxy.$Proxy10.click(Unknown Source)
	at com.objects_pages.CorporateAdmin_UserManagement_Page.clickOnFirstUserCardEdit(CorporateAdmin_UserManagement_Page.java:214)
	at com.scenarios.CorpAdm_User_TC006_EditPhone.editUserPhoneNumber(CorpAdm_User_TC006_EditPhone.java:62)
	at com.scenarios.CorpAdm_User_TC006_EditPhone.editCorpUsersforPhoneNumber(CorpAdm_User_TC006_EditPhone.java:42)
	at com.controller.ScriptExecution.CorpUserMangement05(ScriptExecution.java:166)
	at java.base/java.util.concurrent.ThreadPoolExecutor.runWorker(Unknown Source)
	at java.base/java.util.concurrent.ThreadPoolExecutor$Worker.run(Unknown Source)
	at java.base/java.lang.Thread.run(Unknown Source)
... Removed 14 stack frames
</div> <!-- stack-trace -->
                </div> <!-- method-content -->
              </div> <!-- method -->
              <div class="method">
                <div class="method-content">
                  <a name="CorpUserMangement06">
                  </a> <!-- CorpUserMangement06 -->
                  <span class="method-name">CorpUserMangement06</span>
                  <div class="stack-trace">org.openqa.selenium.NoSuchElementException: no such element: Unable to locate element: {&quot;method&quot;:&quot;xpath&quot;,&quot;selector&quot;:&quot;//i[contains(text(),&apos;edit&apos;)][1]&quot;}
  (Session info: chrome=71.0.3578.98)
  (Driver info: chromedriver=2.45.615291 (ec3682e3c9061c10f26ea9e5cdcf3c53f3f74387),platform=Windows NT 10.0.17134 x86_64) (WARNING: The server did not provide any stacktrace information)
Command duration or timeout: 0 milliseconds
For documentation on this error, please visit: http://seleniumhq.org/exceptions/no_such_element.html
Build info: version: &apos;3.14.0&apos;, revision: &apos;aacccce0&apos;, time: &apos;2018-08-02T20:19:58.91Z&apos;
System info: host: &apos;DESKTOP-L268OE3&apos;, ip: &apos;192.168.1.47&apos;, os.name: &apos;Windows 10&apos;, os.arch: &apos;amd64&apos;, os.version: &apos;10.0&apos;, java.version: &apos;10.0.2&apos;
Driver info: org.openqa.selenium.chrome.ChromeDriver
Capabilities {acceptInsecureCerts: true, acceptSslCerts: true, applicationCacheEnabled: false, browserConnectionEnabled: false, browserName: chrome, chrome: {chromedriverVersion: 2.45.615291 (ec3682e3c9061c..., userDataDir: C:\WINDOWS\TEMP\scoped_dir1...}, cssSelectorsEnabled: true, databaseEnabled: false, goog:chromeOptions: {debuggerAddress: localhost:60201}, handlesAlerts: true, hasTouchScreen: false, javascriptEnabled: true, locationContextEnabled: true, mobileEmulationEnabled: false, nativeEvents: true, networkConnectionEnabled: false, pageLoadStrategy: normal, platform: XP, platformName: XP, proxy: Proxy(), rotatable: false, setWindowRect: true, strictFileInteractability: false, takesHeapSnapshot: true, takesScreenshot: true, timeouts: {implicit: 0, pageLoad: 300000, script: 30000}, unexpectedAlertBehaviour: ignore, unhandledPromptBehavior: ignore, version: 71.0.3578.98, webStorageEnabled: true}
Session ID: 081dcca46452e448d6dd49f5d947c092
*** Element info: {Using=xpath, value=//i[contains(text(),&apos;edit&apos;)][1]}
	at org.openqa.selenium.remote.ErrorHandler.createThrowable(ErrorHandler.java:214)
	at org.openqa.selenium.remote.ErrorHandler.throwIfResponseFailed(ErrorHandler.java:166)
	at org.openqa.selenium.remote.http.JsonHttpResponseCodec.reconstructValue(JsonHttpResponseCodec.java:40)
	at org.openqa.selenium.remote.http.AbstractHttpResponseCodec.decode(AbstractHttpResponseCodec.java:80)
	at org.openqa.selenium.remote.http.AbstractHttpResponseCodec.decode(AbstractHttpResponseCodec.java:44)
	at org.openqa.selenium.remote.HttpCommandExecutor.execute(HttpCommandExecutor.java:158)
	at org.openqa.selenium.remote.service.DriverCommandExecutor.execute(DriverCommandExecutor.java:83)
	at org.openqa.selenium.remote.RemoteWebDriver.execute(RemoteWebDriver.java:548)
	at org.openqa.selenium.remote.RemoteWebDriver.findElement(RemoteWebDriver.java:322)
	at org.openqa.selenium.remote.RemoteWebDriver.findElementByXPath(RemoteWebDriver.java:424)
	at org.openqa.selenium.By$ByXPath.findElement(By.java:353)
	at org.openqa.selenium.remote.RemoteWebDriver.findElement(RemoteWebDriver.java:314)
	at org.openqa.selenium.support.pagefactory.DefaultElementLocator.findElement(DefaultElementLocator.java:69)
	at org.openqa.selenium.support.pagefactory.internal.LocatingElementHandler.invoke(LocatingElementHandler.java:38)
	at com.sun.proxy.$Proxy10.click(Unknown Source)
	at com.objects_pages.CorporateAdmin_UserManagement_Page.clickOnFirstUserCardEdit(CorporateAdmin_UserManagement_Page.java:214)
	at com.scenarios.CorpAdm_User_TC007_EditPasswordChange.changePassword(CorpAdm_User_TC007_EditPasswordChange.java:61)
	at com.scenarios.CorpAdm_User_TC007_EditPasswordChange.editCorpUsersforPasswordChange(CorpAdm_User_TC007_EditPasswordChange.java:42)
	at com.controller.ScriptExecution.CorpUserMangement06(ScriptExecution.java:172)
	at java.base/java.util.concurrent.ThreadPoolExecutor.runWorker(Unknown Source)
	at java.base/java.util.concurrent.ThreadPoolExecutor$Worker.run(Unknown Source)
	at java.base/java.lang.Thread.run(Unknown Source)
... Removed 14 stack frames
</div> <!-- stack-trace -->
                </div> <!-- method-content -->
              </div> <!-- method -->
              <div class="method">
                <div class="method-content">
                  <a name="CorpUserMangement07">
                  </a> <!-- CorpUserMangement07 -->
                  <span class="method-name">CorpUserMangement07</span>
                  <div class="stack-trace">org.openqa.selenium.NoSuchElementException: no such element: Unable to locate element: {&quot;method&quot;:&quot;xpath&quot;,&quot;selector&quot;:&quot;//div[@class=&apos;user-card-wrapper &apos;][1]//div[@class=&apos;name&apos;]&quot;}
  (Session info: chrome=71.0.3578.98)
  (Driver info: chromedriver=2.45.615291 (ec3682e3c9061c10f26ea9e5cdcf3c53f3f74387),platform=Windows NT 10.0.17134 x86_64) (WARNING: The server did not provide any stacktrace information)
Command duration or timeout: 0 milliseconds
For documentation on this error, please visit: http://seleniumhq.org/exceptions/no_such_element.html
Build info: version: &apos;3.14.0&apos;, revision: &apos;aacccce0&apos;, time: &apos;2018-08-02T20:19:58.91Z&apos;
System info: host: &apos;DESKTOP-L268OE3&apos;, ip: &apos;192.168.1.47&apos;, os.name: &apos;Windows 10&apos;, os.arch: &apos;amd64&apos;, os.version: &apos;10.0&apos;, java.version: &apos;10.0.2&apos;
Driver info: org.openqa.selenium.chrome.ChromeDriver
Capabilities {acceptInsecureCerts: true, acceptSslCerts: true, applicationCacheEnabled: false, browserConnectionEnabled: false, browserName: chrome, chrome: {chromedriverVersion: 2.45.615291 (ec3682e3c9061c..., userDataDir: C:\WINDOWS\TEMP\scoped_dir1...}, cssSelectorsEnabled: true, databaseEnabled: false, goog:chromeOptions: {debuggerAddress: localhost:60278}, handlesAlerts: true, hasTouchScreen: false, javascriptEnabled: true, locationContextEnabled: true, mobileEmulationEnabled: false, nativeEvents: true, networkConnectionEnabled: false, pageLoadStrategy: normal, platform: XP, platformName: XP, proxy: Proxy(), rotatable: false, setWindowRect: true, strictFileInteractability: false, takesHeapSnapshot: true, takesScreenshot: true, timeouts: {implicit: 0, pageLoad: 300000, script: 30000}, unexpectedAlertBehaviour: ignore, unhandledPromptBehavior: ignore, version: 71.0.3578.98, webStorageEnabled: true}
Session ID: 1d93356f8261b6cf33978a2f35c57f29
*** Element info: {Using=xpath, value=//div[@class=&apos;user-card-wrapper &apos;][1]//div[@class=&apos;name&apos;]}
	at org.openqa.selenium.remote.ErrorHandler.createThrowable(ErrorHandler.java:214)
	at org.openqa.selenium.remote.ErrorHandler.throwIfResponseFailed(ErrorHandler.java:166)
	at org.openqa.selenium.remote.http.JsonHttpResponseCodec.reconstructValue(JsonHttpResponseCodec.java:40)
	at org.openqa.selenium.remote.http.AbstractHttpResponseCodec.decode(AbstractHttpResponseCodec.java:80)
	at org.openqa.selenium.remote.http.AbstractHttpResponseCodec.decode(AbstractHttpResponseCodec.java:44)
	at org.openqa.selenium.remote.HttpCommandExecutor.execute(HttpCommandExecutor.java:158)
	at org.openqa.selenium.remote.service.DriverCommandExecutor.execute(DriverCommandExecutor.java:83)
	at org.openqa.selenium.remote.RemoteWebDriver.execute(RemoteWebDriver.java:548)
	at org.openqa.selenium.remote.RemoteWebDriver.findElement(RemoteWebDriver.java:322)
	at org.openqa.selenium.remote.RemoteWebDriver.findElementByXPath(RemoteWebDriver.java:424)
	at org.openqa.selenium.By$ByXPath.findElement(By.java:353)
	at org.openqa.selenium.remote.RemoteWebDriver.findElement(RemoteWebDriver.java:314)
	at org.openqa.selenium.support.pagefactory.DefaultElementLocator.findElement(DefaultElementLocator.java:69)
	at org.openqa.selenium.support.pagefactory.internal.LocatingElementHandler.invoke(LocatingElementHandler.java:38)
	at com.sun.proxy.$Proxy10.getText(Unknown Source)
	at com.objects_pages.CorporateAdmin_UserManagement_Page.getFirstUserCardName(CorporateAdmin_UserManagement_Page.java:202)
	at com.scenarios.CorpAdm_User_TC010_AddDeletedUser.addDeletedUser(CorpAdm_User_TC010_AddDeletedUser.java:48)
	at com.controller.ScriptExecution.CorpUserMangement07(ScriptExecution.java:179)
	at java.base/java.util.concurrent.ThreadPoolExecutor.runWorker(Unknown Source)
	at java.base/java.util.concurrent.ThreadPoolExecutor$Worker.run(Unknown Source)
	at java.base/java.lang.Thread.run(Unknown Source)
... Removed 14 stack frames
</div> <!-- stack-trace -->
                </div> <!-- method-content -->
              </div> <!-- method -->
              <div class="method">
                <div class="method-content">
                  <a name="CorpUserMangement08">
                  </a> <!-- CorpUserMangement08 -->
                  <span class="method-name">CorpUserMangement08</span>
                  <div class="stack-trace">org.openqa.selenium.WebDriverException: unknown error: Element &lt;mat-icon _ngcontent-c55=&quot;&quot; aria-label=&quot;Add User&quot; class=&quot;mat-icon material-icons&quot; role=&quot;img&quot; aria-hidden=&quot;true&quot;&gt;...&lt;/mat-icon&gt; is not clickable at point (944, 659). Other element would receive the click: &lt;i _ngcontent-c58=&quot;&quot; class=&quot;material-icons&quot;&gt;...&lt;/i&gt;
  (Session info: chrome=71.0.3578.98)
  (Driver info: chromedriver=2.45.615291 (ec3682e3c9061c10f26ea9e5cdcf3c53f3f74387),platform=Windows NT 10.0.17134 x86_64) (WARNING: The server did not provide any stacktrace information)
Command duration or timeout: 0 milliseconds
Build info: version: &apos;3.14.0&apos;, revision: &apos;aacccce0&apos;, time: &apos;2018-08-02T20:19:58.91Z&apos;
System info: host: &apos;DESKTOP-L268OE3&apos;, ip: &apos;192.168.1.47&apos;, os.name: &apos;Windows 10&apos;, os.arch: &apos;amd64&apos;, os.version: &apos;10.0&apos;, java.version: &apos;10.0.2&apos;
Driver info: org.openqa.selenium.chrome.ChromeDriver
Capabilities {acceptInsecureCerts: true, acceptSslCerts: true, applicationCacheEnabled: false, browserConnectionEnabled: false, browserName: chrome, chrome: {chromedriverVersion: 2.45.615291 (ec3682e3c9061c..., userDataDir: C:\WINDOWS\TEMP\scoped_dir2...}, cssSelectorsEnabled: true, databaseEnabled: false, goog:chromeOptions: {debuggerAddress: localhost:60313}, handlesAlerts: true, hasTouchScreen: false, javascriptEnabled: true, locationContextEnabled: true, mobileEmulationEnabled: false, nativeEvents: true, networkConnectionEnabled: false, pageLoadStrategy: normal, platform: XP, platformName: XP, proxy: Proxy(), rotatable: false, setWindowRect: true, strictFileInteractability: false, takesHeapSnapshot: true, takesScreenshot: true, timeouts: {implicit: 0, pageLoad: 300000, script: 30000}, unexpectedAlertBehaviour: ignore, unhandledPromptBehavior: ignore, version: 71.0.3578.98, webStorageEnabled: true}
Session ID: 4c5553b0a6648b7cdfe9f9d1404b107e
	at org.openqa.selenium.remote.ErrorHandler.createThrowable(ErrorHandler.java:214)
	at org.openqa.selenium.remote.ErrorHandler.throwIfResponseFailed(ErrorHandler.java:166)
	at org.openqa.selenium.remote.http.JsonHttpResponseCodec.reconstructValue(JsonHttpResponseCodec.java:40)
	at org.openqa.selenium.remote.http.AbstractHttpResponseCodec.decode(AbstractHttpResponseCodec.java:80)
	at org.openqa.selenium.remote.http.AbstractHttpResponseCodec.decode(AbstractHttpResponseCodec.java:44)
	at org.openqa.selenium.remote.HttpCommandExecutor.execute(HttpCommandExecutor.java:158)
	at org.openqa.selenium.remote.service.DriverCommandExecutor.execute(DriverCommandExecutor.java:83)
	at org.openqa.selenium.remote.RemoteWebDriver.execute(RemoteWebDriver.java:548)
	at org.openqa.selenium.remote.RemoteWebElement.execute(RemoteWebElement.java:276)
	at org.openqa.selenium.remote.RemoteWebElement.click(RemoteWebElement.java:83)
	at org.openqa.selenium.support.pagefactory.internal.LocatingElementHandler.invoke(LocatingElementHandler.java:51)
	at com.sun.proxy.$Proxy10.click(Unknown Source)
	at com.objects_pages.CorporateAdmin_UserManagement_Page.clickonAddButton(CorporateAdmin_UserManagement_Page.java:169)
	at com.scenarios.CorpAdm_User_TC012_ValidateAddUserPageErrors.validateAddUserPageErrors(CorpAdm_User_TC012_ValidateAddUserPageErrors.java:80)
	at com.controller.ScriptExecution.CorpUserMangement08(ScriptExecution.java:185)
	at java.base/java.util.concurrent.ThreadPoolExecutor.runWorker(Unknown Source)
	at java.base/java.util.concurrent.ThreadPoolExecutor$Worker.run(Unknown Source)
	at java.base/java.lang.Thread.run(Unknown Source)
... Removed 17 stack frames
</div> <!-- stack-trace -->
                </div> <!-- method-content -->
              </div> <!-- method -->
              <div class="method">
                <div class="method-content">
                  <a name="CorpUserMangement10">
                  </a> <!-- CorpUserMangement10 -->
                  <span class="method-name">CorpUserMangement10</span>
                  <div class="stack-trace">org.openqa.selenium.NoSuchElementException: no such element: Unable to locate element: {&quot;method&quot;:&quot;xpath&quot;,&quot;selector&quot;:&quot;//div[@class=&apos;user-card-wrapper &apos;][1]&quot;}
  (Session info: chrome=71.0.3578.98)
  (Driver info: chromedriver=2.45.615291 (ec3682e3c9061c10f26ea9e5cdcf3c53f3f74387),platform=Windows NT 10.0.17134 x86_64) (WARNING: The server did not provide any stacktrace information)
Command duration or timeout: 0 milliseconds
For documentation on this error, please visit: http://seleniumhq.org/exceptions/no_such_element.html
Build info: version: &apos;3.14.0&apos;, revision: &apos;aacccce0&apos;, time: &apos;2018-08-02T20:19:58.91Z&apos;
System info: host: &apos;DESKTOP-L268OE3&apos;, ip: &apos;192.168.1.47&apos;, os.name: &apos;Windows 10&apos;, os.arch: &apos;amd64&apos;, os.version: &apos;10.0&apos;, java.version: &apos;10.0.2&apos;
Driver info: org.openqa.selenium.chrome.ChromeDriver
Capabilities {acceptInsecureCerts: true, acceptSslCerts: true, applicationCacheEnabled: false, browserConnectionEnabled: false, browserName: chrome, chrome: {chromedriverVersion: 2.45.615291 (ec3682e3c9061c..., userDataDir: C:\WINDOWS\TEMP\scoped_dir7...}, cssSelectorsEnabled: true, databaseEnabled: false, goog:chromeOptions: {debuggerAddress: localhost:60391}, handlesAlerts: true, hasTouchScreen: false, javascriptEnabled: true, locationContextEnabled: true, mobileEmulationEnabled: false, nativeEvents: true, networkConnectionEnabled: false, pageLoadStrategy: normal, platform: XP, platformName: XP, proxy: Proxy(), rotatable: false, setWindowRect: true, strictFileInteractability: false, takesHeapSnapshot: true, takesScreenshot: true, timeouts: {implicit: 0, pageLoad: 300000, script: 30000}, unexpectedAlertBehaviour: ignore, unhandledPromptBehavior: ignore, version: 71.0.3578.98, webStorageEnabled: true}
Session ID: a16c03ef4ce30f909dccec1134fd7c9c
*** Element info: {Using=xpath, value=//div[@class=&apos;user-card-wrapper &apos;][1]}
	at org.openqa.selenium.remote.ErrorHandler.createThrowable(ErrorHandler.java:214)
	at org.openqa.selenium.remote.ErrorHandler.throwIfResponseFailed(ErrorHandler.java:166)
	at org.openqa.selenium.remote.http.JsonHttpResponseCodec.reconstructValue(JsonHttpResponseCodec.java:40)
	at org.openqa.selenium.remote.http.AbstractHttpResponseCodec.decode(AbstractHttpResponseCodec.java:80)
	at org.openqa.selenium.remote.http.AbstractHttpResponseCodec.decode(AbstractHttpResponseCodec.java:44)
	at org.openqa.selenium.remote.HttpCommandExecutor.execute(HttpCommandExecutor.java:158)
	at org.openqa.selenium.remote.service.DriverCommandExecutor.execute(DriverCommandExecutor.java:83)
	at org.openqa.selenium.remote.RemoteWebDriver.execute(RemoteWebDriver.java:548)
	at org.openqa.selenium.remote.RemoteWebDriver.findElement(RemoteWebDriver.java:322)
	at org.openqa.selenium.remote.RemoteWebDriver.findElementByXPath(RemoteWebDriver.java:424)
	at org.openqa.selenium.By$ByXPath.findElement(By.java:353)
	at org.openqa.selenium.remote.RemoteWebDriver.findElement(RemoteWebDriver.java:314)
	at org.openqa.selenium.support.pagefactory.DefaultElementLocator.findElement(DefaultElementLocator.java:69)
	at org.openqa.selenium.support.pagefactory.internal.LocatingElementHandler.invoke(LocatingElementHandler.java:38)
	at com.sun.proxy.$Proxy10.isDisplayed(Unknown Source)
	at com.objects_pages.CorporateAdmin_UserManagement_Page.verifyFirstUserCard(CorporateAdmin_UserManagement_Page.java:161)
	at com.scenarios.CorpAdm_User_TC003_AddUserforAllLicenses.addCorpUsersforAllLicenses(CorpAdm_User_TC003_AddUserforAllLicenses.java:49)
	at com.controller.ScriptExecution.CorpUserMangement10(ScriptExecution.java:197)
	at java.base/java.util.concurrent.ThreadPoolExecutor.runWorker(Unknown Source)
	at java.base/java.util.concurrent.ThreadPoolExecutor$Worker.run(Unknown Source)
	at java.base/java.lang.Thread.run(Unknown Source)
... Removed 14 stack frames
</div> <!-- stack-trace -->
                </div> <!-- method-content -->
              </div> <!-- method -->
              <div class="method">
                <div class="method-content">
                  <a name="CorpUserMangement12">
                  </a> <!-- CorpUserMangement12 -->
                  <span class="method-name">CorpUserMangement12</span>
                  <div class="stack-trace">org.openqa.selenium.NoSuchElementException: no such element: Unable to locate element: {&quot;method&quot;:&quot;xpath&quot;,&quot;selector&quot;:&quot;//i[contains(text(),&apos;delete&apos;)]&quot;}
  (Session info: chrome=71.0.3578.98)
  (Driver info: chromedriver=2.45.615291 (ec3682e3c9061c10f26ea9e5cdcf3c53f3f74387),platform=Windows NT 10.0.17134 x86_64) (WARNING: The server did not provide any stacktrace information)
Command duration or timeout: 0 milliseconds
For documentation on this error, please visit: http://seleniumhq.org/exceptions/no_such_element.html
Build info: version: &apos;3.14.0&apos;, revision: &apos;aacccce0&apos;, time: &apos;2018-08-02T20:19:58.91Z&apos;
System info: host: &apos;DESKTOP-L268OE3&apos;, ip: &apos;192.168.1.47&apos;, os.name: &apos;Windows 10&apos;, os.arch: &apos;amd64&apos;, os.version: &apos;10.0&apos;, java.version: &apos;10.0.2&apos;
Driver info: org.openqa.selenium.chrome.ChromeDriver
Capabilities {acceptInsecureCerts: true, acceptSslCerts: true, applicationCacheEnabled: false, browserConnectionEnabled: false, browserName: chrome, chrome: {chromedriverVersion: 2.45.615291 (ec3682e3c9061c..., userDataDir: C:\WINDOWS\TEMP\scoped_dir6...}, cssSelectorsEnabled: true, databaseEnabled: false, goog:chromeOptions: {debuggerAddress: localhost:60495}, handlesAlerts: true, hasTouchScreen: false, javascriptEnabled: true, locationContextEnabled: true, mobileEmulationEnabled: false, nativeEvents: true, networkConnectionEnabled: false, pageLoadStrategy: normal, platform: XP, platformName: XP, proxy: Proxy(), rotatable: false, setWindowRect: true, strictFileInteractability: false, takesHeapSnapshot: true, takesScreenshot: true, timeouts: {implicit: 0, pageLoad: 300000, script: 30000}, unexpectedAlertBehaviour: ignore, unhandledPromptBehavior: ignore, version: 71.0.3578.98, webStorageEnabled: true}
Session ID: 29b4dc4308a6edc76f35dfa271c0bcf3
*** Element info: {Using=xpath, value=//i[contains(text(),&apos;delete&apos;)]}
	at org.openqa.selenium.remote.ErrorHandler.createThrowable(ErrorHandler.java:214)
	at org.openqa.selenium.remote.ErrorHandler.throwIfResponseFailed(ErrorHandler.java:166)
	at org.openqa.selenium.remote.http.JsonHttpResponseCodec.reconstructValue(JsonHttpResponseCodec.java:40)
	at org.openqa.selenium.remote.http.AbstractHttpResponseCodec.decode(AbstractHttpResponseCodec.java:80)
	at org.openqa.selenium.remote.http.AbstractHttpResponseCodec.decode(AbstractHttpResponseCodec.java:44)
	at org.openqa.selenium.remote.HttpCommandExecutor.execute(HttpCommandExecutor.java:158)
	at org.openqa.selenium.remote.service.DriverCommandExecutor.execute(DriverCommandExecutor.java:83)
	at org.openqa.selenium.remote.RemoteWebDriver.execute(RemoteWebDriver.java:548)
	at org.openqa.selenium.remote.RemoteWebDriver.findElement(RemoteWebDriver.java:322)
	at org.openqa.selenium.remote.RemoteWebDriver.findElementByXPath(RemoteWebDriver.java:424)
	at org.openqa.selenium.By$ByXPath.findElement(By.java:353)
	at org.openqa.selenium.remote.RemoteWebDriver.findElement(RemoteWebDriver.java:314)
	at org.openqa.selenium.support.pagefactory.DefaultElementLocator.findElement(DefaultElementLocator.java:69)
	at org.openqa.selenium.support.pagefactory.internal.LocatingElementHandler.invoke(LocatingElementHandler.java:38)
	at com.sun.proxy.$Proxy10.click(Unknown Source)
	at com.objects_pages.CorporateAdmin_UserManagement_Page.deleteFirstUser(CorporateAdmin_UserManagement_Page.java:248)
	at com.scenarios.CorpAdm_User_TC009_DeleteAllUser.deleteAllCorporateUser(CorpAdm_User_TC009_DeleteAllUser.java:51)
	at com.controller.ScriptExecution.CorpUserMangement12(ScriptExecution.java:209)
	at java.base/java.util.concurrent.ThreadPoolExecutor.runWorker(Unknown Source)
	at java.base/java.util.concurrent.ThreadPoolExecutor$Worker.run(Unknown Source)
	at java.base/java.lang.Thread.run(Unknown Source)
... Removed 14 stack frames
</div> <!-- stack-trace -->
                </div> <!-- method-content -->
              </div> <!-- method -->
              <div class="method">
                <div class="method-content">
                  <a name="CorporateJob2">
                  </a> <!-- CorporateJob2 -->
                  <span class="method-name">CorporateJob2</span>
                  <div class="stack-trace">org.openqa.selenium.StaleElementReferenceException: stale element reference: element is not attached to the page document
  (Session info: chrome=71.0.3578.98)
  (Driver info: chromedriver=2.45.615291 (ec3682e3c9061c10f26ea9e5cdcf3c53f3f74387),platform=Windows NT 10.0.17134 x86_64) (WARNING: The server did not provide any stacktrace information)
Command duration or timeout: 0 milliseconds
For documentation on this error, please visit: http://seleniumhq.org/exceptions/stale_element_reference.html
Build info: version: &apos;3.14.0&apos;, revision: &apos;aacccce0&apos;, time: &apos;2018-08-02T20:19:58.91Z&apos;
System info: host: &apos;DESKTOP-L268OE3&apos;, ip: &apos;192.168.1.47&apos;, os.name: &apos;Windows 10&apos;, os.arch: &apos;amd64&apos;, os.version: &apos;10.0&apos;, java.version: &apos;10.0.2&apos;
Driver info: org.openqa.selenium.chrome.ChromeDriver
Capabilities {acceptInsecureCerts: true, acceptSslCerts: true, applicationCacheEnabled: false, browserConnectionEnabled: false, browserName: chrome, chrome: {chromedriverVersion: 2.45.615291 (ec3682e3c9061c..., userDataDir: C:\WINDOWS\TEMP\scoped_dir1...}, cssSelectorsEnabled: true, databaseEnabled: false, goog:chromeOptions: {debuggerAddress: localhost:60601}, handlesAlerts: true, hasTouchScreen: false, javascriptEnabled: true, locationContextEnabled: true, mobileEmulationEnabled: false, nativeEvents: true, networkConnectionEnabled: false, pageLoadStrategy: normal, platform: XP, platformName: XP, proxy: Proxy(), rotatable: false, setWindowRect: true, strictFileInteractability: false, takesHeapSnapshot: true, takesScreenshot: true, timeouts: {implicit: 0, pageLoad: 300000, script: 30000}, unexpectedAlertBehaviour: ignore, unhandledPromptBehavior: ignore, version: 71.0.3578.98, webStorageEnabled: true}
Session ID: c0da2b1389ca564c057e7e081dc71016
	at org.openqa.selenium.remote.ErrorHandler.createThrowable(ErrorHandler.java:214)
	at org.openqa.selenium.remote.ErrorHandler.throwIfResponseFailed(ErrorHandler.java:166)
	at org.openqa.selenium.remote.http.JsonHttpResponseCodec.reconstructValue(JsonHttpResponseCodec.java:40)
	at org.openqa.selenium.remote.http.AbstractHttpResponseCodec.decode(AbstractHttpResponseCodec.java:80)
	at org.openqa.selenium.remote.http.AbstractHttpResponseCodec.decode(AbstractHttpResponseCodec.java:44)
	at org.openqa.selenium.remote.HttpCommandExecutor.execute(HttpCommandExecutor.java:158)
	at org.openqa.selenium.remote.service.DriverCommandExecutor.execute(DriverCommandExecutor.java:83)
	at org.openqa.selenium.remote.RemoteWebDriver.execute(RemoteWebDriver.java:548)
	at org.openqa.selenium.remote.RemoteWebElement.execute(RemoteWebElement.java:276)
	at org.openqa.selenium.remote.RemoteWebElement.click(RemoteWebElement.java:83)
	at org.openqa.selenium.support.pagefactory.internal.LocatingElementHandler.invoke(LocatingElementHandler.java:51)
	at com.sun.proxy.$Proxy10.click(Unknown Source)
	at com.objects_pages.Corporate_PostVideoJD_JobSummaryPage.Error_Message_For_NoInputs(Corporate_PostVideoJD_JobSummaryPage.java:272)
	at com.scenarios.Sc_023_Verify_ErrorMessage_JobSummaryPage.Verify_ErrorMessage_NoInputs(Sc_023_Verify_ErrorMessage_JobSummaryPage.java:65)
	at com.controller.ScriptExecution.CorporateJob2(ScriptExecution.java:236)
	at java.base/java.util.concurrent.ThreadPoolExecutor.runWorker(Unknown Source)
	at java.base/java.util.concurrent.ThreadPoolExecutor$Worker.run(Unknown Source)
	at java.base/java.lang.Thread.run(Unknown Source)
... Removed 17 stack frames
</div> <!-- stack-trace -->
                </div> <!-- method-content -->
              </div> <!-- method -->
              <div class="method">
                <div class="method-content">
                  <a name="Submission01">
                  </a> <!-- Submission01 -->
                  <span class="method-name">Submission01</span>
                  <div class="stack-trace">org.openqa.selenium.TimeoutException: Expected condition failed: waiting for visibility of [[ChromeDriver: chrome on XP (53589609e616b6a0181a693682cb175a)] -&gt; xpath: //button[text()=&apos;Start Recording&apos;]] (tried for 30 second(s) with 500 milliseconds interval)
Build info: version: &apos;3.14.0&apos;, revision: &apos;aacccce0&apos;, time: &apos;2018-08-02T20:19:58.91Z&apos;
System info: host: &apos;DESKTOP-L268OE3&apos;, ip: &apos;192.168.1.47&apos;, os.name: &apos;Windows 10&apos;, os.arch: &apos;amd64&apos;, os.version: &apos;10.0&apos;, java.version: &apos;10.0.2&apos;
Driver info: org.openqa.selenium.chrome.ChromeDriver
Capabilities {acceptInsecureCerts: true, acceptSslCerts: true, applicationCacheEnabled: false, browserConnectionEnabled: false, browserName: chrome, chrome: {chromedriverVersion: 2.45.615291 (ec3682e3c9061c..., userDataDir: C:\WINDOWS\TEMP\scoped_dir1...}, cssSelectorsEnabled: true, databaseEnabled: false, goog:chromeOptions: {debuggerAddress: localhost:60779}, handlesAlerts: true, hasTouchScreen: false, javascriptEnabled: true, locationContextEnabled: true, mobileEmulationEnabled: false, nativeEvents: true, networkConnectionEnabled: false, pageLoadStrategy: normal, platform: XP, platformName: XP, proxy: Proxy(), rotatable: false, setWindowRect: true, strictFileInteractability: false, takesHeapSnapshot: true, takesScreenshot: true, timeouts: {implicit: 0, pageLoad: 300000, script: 30000}, unexpectedAlertBehaviour: ignore, unhandledPromptBehavior: ignore, version: 71.0.3578.98, webStorageEnabled: true}
Session ID: 53589609e616b6a0181a693682cb175a
	at org.openqa.selenium.support.ui.WebDriverWait.timeoutException(WebDriverWait.java:81)
	at org.openqa.selenium.support.ui.FluentWait.until(FluentWait.java:271)
	at com.controller.Action_Method.wait_for_elementpresent(Action_Method.java:201)
	at com.objects_pages.MyInterviewPage.VideoRecording_JobPost(MyInterviewPage.java:57)
	at com.objects_pages.Corporate_PostVideoJD_AddVideoPage.Complete_AddvideoPage(Corporate_PostVideoJD_AddVideoPage.java:48)
	at com.scenarios.Sc_028_Post_Video_JD.Verify_Post_Video_Jd(Sc_028_Post_Video_JD.java:50)
	at com.controller.ScriptExecution.Submission01(ScriptExecution.java:302)
	at java.base/java.util.concurrent.ThreadPoolExecutor.runWorker(Unknown Source)
	at java.base/java.util.concurrent.ThreadPoolExecutor$Worker.run(Unknown Source)
	at java.base/java.lang.Thread.run(Unknown Source)
... Removed 10 stack frames
</div> <!-- stack-trace -->
                </div> <!-- method-content -->
              </div> <!-- method -->
              <div class="method">
                <div class="method-content">
                  <a name="Submission02">
                  </a> <!-- Submission02 -->
                  <span class="method-name">Submission02</span>
                  <div class="stack-trace">org.openqa.selenium.ElementNotVisibleException: element not interactable
  (Session info: chrome=71.0.3578.98)
  (Driver info: chromedriver=2.45.615291 (ec3682e3c9061c10f26ea9e5cdcf3c53f3f74387),platform=Windows NT 10.0.17134 x86_64) (WARNING: The server did not provide any stacktrace information)
Command duration or timeout: 0 milliseconds
Build info: version: &apos;3.14.0&apos;, revision: &apos;aacccce0&apos;, time: &apos;2018-08-02T20:19:58.91Z&apos;
System info: host: &apos;DESKTOP-L268OE3&apos;, ip: &apos;192.168.1.47&apos;, os.name: &apos;Windows 10&apos;, os.arch: &apos;amd64&apos;, os.version: &apos;10.0&apos;, java.version: &apos;10.0.2&apos;
Driver info: org.openqa.selenium.chrome.ChromeDriver
Capabilities {acceptInsecureCerts: true, acceptSslCerts: true, applicationCacheEnabled: false, browserConnectionEnabled: false, browserName: chrome, chrome: {chromedriverVersion: 2.45.615291 (ec3682e3c9061c..., userDataDir: C:\WINDOWS\TEMP\scoped_dir1...}, cssSelectorsEnabled: true, databaseEnabled: false, goog:chromeOptions: {debuggerAddress: localhost:60908}, handlesAlerts: true, hasTouchScreen: false, javascriptEnabled: true, locationContextEnabled: true, mobileEmulationEnabled: false, nativeEvents: true, networkConnectionEnabled: false, pageLoadStrategy: normal, platform: XP, platformName: XP, proxy: Proxy(), rotatable: false, setWindowRect: true, strictFileInteractability: false, takesHeapSnapshot: true, takesScreenshot: true, timeouts: {implicit: 0, pageLoad: 300000, script: 30000}, unexpectedAlertBehaviour: ignore, unhandledPromptBehavior: ignore, version: 71.0.3578.98, webStorageEnabled: true}
Session ID: 6b8b088729af9d15aa3e201b420209dc
	at org.openqa.selenium.remote.ErrorHandler.createThrowable(ErrorHandler.java:214)
	at org.openqa.selenium.remote.ErrorHandler.throwIfResponseFailed(ErrorHandler.java:166)
	at org.openqa.selenium.remote.http.JsonHttpResponseCodec.reconstructValue(JsonHttpResponseCodec.java:40)
	at org.openqa.selenium.remote.http.AbstractHttpResponseCodec.decode(AbstractHttpResponseCodec.java:80)
	at org.openqa.selenium.remote.http.AbstractHttpResponseCodec.decode(AbstractHttpResponseCodec.java:44)
	at org.openqa.selenium.remote.HttpCommandExecutor.execute(HttpCommandExecutor.java:158)
	at org.openqa.selenium.remote.service.DriverCommandExecutor.execute(DriverCommandExecutor.java:83)
	at org.openqa.selenium.remote.RemoteWebDriver.execute(RemoteWebDriver.java:548)
	at org.openqa.selenium.remote.RemoteWebElement.execute(RemoteWebElement.java:276)
	at org.openqa.selenium.remote.RemoteWebElement.click(RemoteWebElement.java:83)
	at com.objects_pages.EngageAgencyPartnersPage.Click_On_GetGuaranteedResponse(EngageAgencyPartnersPage.java:113)
	at com.scenarios.Sc_032_PerformGuaranteedSubmission.Verify_Guaranteed_Submission(Sc_032_PerformGuaranteedSubmission.java:34)
	at com.controller.ScriptExecution.Submission02(ScriptExecution.java:311)
	at java.base/java.util.concurrent.ThreadPoolExecutor.runWorker(Unknown Source)
	at java.base/java.util.concurrent.ThreadPoolExecutor$Worker.run(Unknown Source)
	at java.base/java.lang.Thread.run(Unknown Source)
... Removed 14 stack frames
</div> <!-- stack-trace -->
                </div> <!-- method-content -->
              </div> <!-- method -->
              <div class="method">
                <div class="method-content">
                  <a name="WSAdmin06">
                  </a> <!-- WSAdmin06 -->
                  <span class="method-name">WSAdmin06</span>
                  <div class="stack-trace">org.openqa.selenium.NoSuchElementException: no such element: Unable to locate element: {&quot;method&quot;:&quot;xpath&quot;,&quot;selector&quot;:&quot;(//div[@class=&apos;header-div&apos;]/following::div[@class=&apos;name-div&apos;])[1]/span/span&quot;}
  (Session info: chrome=71.0.3578.98)
  (Driver info: chromedriver=2.45.615291 (ec3682e3c9061c10f26ea9e5cdcf3c53f3f74387),platform=Windows NT 10.0.17134 x86_64) (WARNING: The server did not provide any stacktrace information)
Command duration or timeout: 0 milliseconds
For documentation on this error, please visit: http://seleniumhq.org/exceptions/no_such_element.html
Build info: version: &apos;3.14.0&apos;, revision: &apos;aacccce0&apos;, time: &apos;2018-08-02T20:19:58.91Z&apos;
System info: host: &apos;DESKTOP-L268OE3&apos;, ip: &apos;192.168.1.47&apos;, os.name: &apos;Windows 10&apos;, os.arch: &apos;amd64&apos;, os.version: &apos;10.0&apos;, java.version: &apos;10.0.2&apos;
Driver info: org.openqa.selenium.chrome.ChromeDriver
Capabilities {acceptInsecureCerts: true, acceptSslCerts: true, applicationCacheEnabled: false, browserConnectionEnabled: false, browserName: chrome, chrome: {chromedriverVersion: 2.45.615291 (ec3682e3c9061c..., userDataDir: C:\WINDOWS\TEMP\scoped_dir3...}, cssSelectorsEnabled: true, databaseEnabled: false, goog:chromeOptions: {debuggerAddress: localhost:61419}, handlesAlerts: true, hasTouchScreen: false, javascriptEnabled: true, locationContextEnabled: true, mobileEmulationEnabled: false, nativeEvents: true, networkConnectionEnabled: false, pageLoadStrategy: normal, platform: XP, platformName: XP, proxy: Proxy(), rotatable: false, setWindowRect: true, strictFileInteractability: false, takesHeapSnapshot: true, takesScreenshot: true, timeouts: {implicit: 0, pageLoad: 300000, script: 30000}, unexpectedAlertBehaviour: ignore, unhandledPromptBehavior: ignore, version: 71.0.3578.98, webStorageEnabled: true}
Session ID: 41105a55f9a2deea4427ec91428c86b2
*** Element info: {Using=xpath, value=(//div[@class=&apos;header-div&apos;]/following::div[@class=&apos;name-div&apos;])[1]/span/span}
	at org.openqa.selenium.remote.ErrorHandler.createThrowable(ErrorHandler.java:214)
	at org.openqa.selenium.remote.ErrorHandler.throwIfResponseFailed(ErrorHandler.java:166)
	at org.openqa.selenium.remote.http.JsonHttpResponseCodec.reconstructValue(JsonHttpResponseCodec.java:40)
	at org.openqa.selenium.remote.http.AbstractHttpResponseCodec.decode(AbstractHttpResponseCodec.java:80)
	at org.openqa.selenium.remote.http.AbstractHttpResponseCodec.decode(AbstractHttpResponseCodec.java:44)
	at org.openqa.selenium.remote.HttpCommandExecutor.execute(HttpCommandExecutor.java:158)
	at org.openqa.selenium.remote.service.DriverCommandExecutor.execute(DriverCommandExecutor.java:83)
	at org.openqa.selenium.remote.RemoteWebDriver.execute(RemoteWebDriver.java:548)
	at org.openqa.selenium.remote.RemoteWebDriver.findElement(RemoteWebDriver.java:322)
	at org.openqa.selenium.remote.RemoteWebDriver.findElementByXPath(RemoteWebDriver.java:424)
	at org.openqa.selenium.By$ByXPath.findElement(By.java:353)
	at org.openqa.selenium.remote.RemoteWebDriver.findElement(RemoteWebDriver.java:314)
	at org.openqa.selenium.support.pagefactory.DefaultElementLocator.findElement(DefaultElementLocator.java:69)
	at org.openqa.selenium.support.pagefactory.internal.LocatingElementHandler.invoke(LocatingElementHandler.java:38)
	at com.sun.proxy.$Proxy10.getText(Unknown Source)
	at com.objects_pages.WSAdminGenPage.getFirstCardDetails(WSAdminGenPage.java:184)
	at com.scenarios.WSAdmin_TC006_VerifySortByName.verifyWSAdminSortByName(WSAdmin_TC006_VerifySortByName.java:47)
	at com.controller.ScriptExecution.WSAdmin06(ScriptExecution.java:442)
	at java.base/java.util.concurrent.ThreadPoolExecutor.runWorker(Unknown Source)
	at java.base/java.util.concurrent.ThreadPoolExecutor$Worker.run(Unknown Source)
	at java.base/java.lang.Thread.run(Unknown Source)
... Removed 14 stack frames
</div> <!-- stack-trace -->
                </div> <!-- method-content -->
              </div> <!-- method -->
              <div class="method">
                <div class="method-content">
                  <a name="WSAdmin09">
                  </a> <!-- WSAdmin09 -->
                  <span class="method-name">WSAdmin09</span>
                  <div class="stack-trace">org.openqa.selenium.WebDriverException: unknown error: Element &lt;mat-icon _ngcontent-c39=&quot;&quot; aria-label=&quot;Add User&quot; class=&quot;mat-icon material-icons&quot; role=&quot;img&quot; aria-hidden=&quot;true&quot;&gt;...&lt;/mat-icon&gt; is not clickable at point (944, 589). Other element would receive the click: &lt;button _ngcontent-c39=&quot;&quot; color=&quot;primary&quot; mat-fab=&quot;&quot; class=&quot;mat-fab mat-primary&quot; ng-reflect-color=&quot;primary&quot;&gt;...&lt;/button&gt;
  (Session info: chrome=71.0.3578.98)
  (Driver info: chromedriver=2.45.615291 (ec3682e3c9061c10f26ea9e5cdcf3c53f3f74387),platform=Windows NT 10.0.17134 x86_64) (WARNING: The server did not provide any stacktrace information)
Command duration or timeout: 0 milliseconds
Build info: version: &apos;3.14.0&apos;, revision: &apos;aacccce0&apos;, time: &apos;2018-08-02T20:19:58.91Z&apos;
System info: host: &apos;DESKTOP-L268OE3&apos;, ip: &apos;192.168.1.47&apos;, os.name: &apos;Windows 10&apos;, os.arch: &apos;amd64&apos;, os.version: &apos;10.0&apos;, java.version: &apos;10.0.2&apos;
Driver info: org.openqa.selenium.chrome.ChromeDriver
Capabilities {acceptInsecureCerts: true, acceptSslCerts: true, applicationCacheEnabled: false, browserConnectionEnabled: false, browserName: chrome, chrome: {chromedriverVersion: 2.45.615291 (ec3682e3c9061c..., userDataDir: C:\WINDOWS\TEMP\scoped_dir1...}, cssSelectorsEnabled: true, databaseEnabled: false, goog:chromeOptions: {debuggerAddress: localhost:61496}, handlesAlerts: true, hasTouchScreen: false, javascriptEnabled: true, locationContextEnabled: true, mobileEmulationEnabled: false, nativeEvents: true, networkConnectionEnabled: false, pageLoadStrategy: normal, platform: XP, platformName: XP, proxy: Proxy(), rotatable: false, setWindowRect: true, strictFileInteractability: false, takesHeapSnapshot: true, takesScreenshot: true, timeouts: {implicit: 0, pageLoad: 300000, script: 30000}, unexpectedAlertBehaviour: ignore, unhandledPromptBehavior: ignore, version: 71.0.3578.98, webStorageEnabled: true}
Session ID: f566516eaf3b832288144cfa703cf7b6
	at org.openqa.selenium.remote.ErrorHandler.createThrowable(ErrorHandler.java:214)
	at org.openqa.selenium.remote.ErrorHandler.throwIfResponseFailed(ErrorHandler.java:166)
	at org.openqa.selenium.remote.http.JsonHttpResponseCodec.reconstructValue(JsonHttpResponseCodec.java:40)
	at org.openqa.selenium.remote.http.AbstractHttpResponseCodec.decode(AbstractHttpResponseCodec.java:80)
	at org.openqa.selenium.remote.http.AbstractHttpResponseCodec.decode(AbstractHttpResponseCodec.java:44)
	at org.openqa.selenium.remote.HttpCommandExecutor.execute(HttpCommandExecutor.java:158)
	at org.openqa.selenium.remote.service.DriverCommandExecutor.execute(DriverCommandExecutor.java:83)
	at org.openqa.selenium.remote.RemoteWebDriver.execute(RemoteWebDriver.java:548)
	at org.openqa.selenium.remote.RemoteWebElement.execute(RemoteWebElement.java:276)
	at org.openqa.selenium.remote.RemoteWebElement.click(RemoteWebElement.java:83)
	at org.openqa.selenium.support.pagefactory.internal.LocatingElementHandler.invoke(LocatingElementHandler.java:51)
	at com.sun.proxy.$Proxy10.click(Unknown Source)
	at com.objects_pages.WSAdminGenPage.verifyNewInvitesPage(WSAdminGenPage.java:136)
	at com.scenarios.WSAdmin_TC009_VerifyAddNewUserPage.verifyAddNewUserPage(WSAdmin_TC009_VerifyAddNewUserPage.java:36)
	at com.controller.ScriptExecution.WSAdmin09(ScriptExecution.java:460)
	at java.base/java.util.concurrent.ThreadPoolExecutor.runWorker(Unknown Source)
	at java.base/java.util.concurrent.ThreadPoolExecutor$Worker.run(Unknown Source)
	at java.base/java.lang.Thread.run(Unknown Source)
... Removed 17 stack frames
</div> <!-- stack-trace -->
                </div> <!-- method-content -->
              </div> <!-- method -->
              <div class="method">
                <div class="method-content">
                  <a name="WSAdmin11">
                  </a> <!-- WSAdmin11 -->
                  <span class="method-name">WSAdmin11</span>
                  <div class="stack-trace">org.openqa.selenium.WebDriverException: unknown error: Element &lt;mat-icon _ngcontent-c51=&quot;&quot; class=&quot;mat-icon material-icons&quot; role=&quot;img&quot; style=&quot;font-size: 18px;&quot; aria-hidden=&quot;true&quot;&gt;...&lt;/mat-icon&gt; is not clickable at point (980, 39). Other element would receive the click: &lt;div _ngcontent-c40=&quot;&quot; fxlayout=&quot;row&quot; fxlayoutalign=&quot;center center&quot; style=&quot;height: 100vh; flex-direction: row; box-sizing: border-box; display: flex; max-height: 100%; place-content: center; align-items: center;&quot; ng-reflect-layout=&quot;row&quot; ng-reflect-align=&quot;center center&quot;&gt;...&lt;/div&gt;
  (Session info: chrome=71.0.3578.98)
  (Driver info: chromedriver=2.45.615291 (ec3682e3c9061c10f26ea9e5cdcf3c53f3f74387),platform=Windows NT 10.0.17134 x86_64) (WARNING: The server did not provide any stacktrace information)
Command duration or timeout: 0 milliseconds
Build info: version: &apos;3.14.0&apos;, revision: &apos;aacccce0&apos;, time: &apos;2018-08-02T20:19:58.91Z&apos;
System info: host: &apos;DESKTOP-L268OE3&apos;, ip: &apos;192.168.1.47&apos;, os.name: &apos;Windows 10&apos;, os.arch: &apos;amd64&apos;, os.version: &apos;10.0&apos;, java.version: &apos;10.0.2&apos;
Driver info: org.openqa.selenium.chrome.ChromeDriver
Capabilities {acceptInsecureCerts: true, acceptSslCerts: true, applicationCacheEnabled: false, browserConnectionEnabled: false, browserName: chrome, chrome: {chromedriverVersion: 2.45.615291 (ec3682e3c9061c..., userDataDir: C:\WINDOWS\TEMP\scoped_dir1...}, cssSelectorsEnabled: true, databaseEnabled: false, goog:chromeOptions: {debuggerAddress: localhost:61544}, handlesAlerts: true, hasTouchScreen: false, javascriptEnabled: true, locationContextEnabled: true, mobileEmulationEnabled: false, nativeEvents: true, networkConnectionEnabled: false, pageLoadStrategy: normal, platform: XP, platformName: XP, proxy: Proxy(), rotatable: false, setWindowRect: true, strictFileInteractability: false, takesHeapSnapshot: true, takesScreenshot: true, timeouts: {implicit: 0, pageLoad: 300000, script: 30000}, unexpectedAlertBehaviour: ignore, unhandledPromptBehavior: ignore, version: 71.0.3578.98, webStorageEnabled: true}
Session ID: d3f2993294a57ac50fcedafb636f8700
	at org.openqa.selenium.remote.ErrorHandler.createThrowable(ErrorHandler.java:214)
	at org.openqa.selenium.remote.ErrorHandler.throwIfResponseFailed(ErrorHandler.java:166)
	at org.openqa.selenium.remote.http.JsonHttpResponseCodec.reconstructValue(JsonHttpResponseCodec.java:40)
	at org.openqa.selenium.remote.http.AbstractHttpResponseCodec.decode(AbstractHttpResponseCodec.java:80)
	at org.openqa.selenium.remote.http.AbstractHttpResponseCodec.decode(AbstractHttpResponseCodec.java:44)
	at org.openqa.selenium.remote.HttpCommandExecutor.execute(HttpCommandExecutor.java:158)
	at org.openqa.selenium.remote.service.DriverCommandExecutor.execute(DriverCommandExecutor.java:83)
	at org.openqa.selenium.remote.RemoteWebDriver.execute(RemoteWebDriver.java:548)
	at org.openqa.selenium.remote.RemoteWebElement.execute(RemoteWebElement.java:276)
	at org.openqa.selenium.remote.RemoteWebElement.click(RemoteWebElement.java:83)
	at org.openqa.selenium.support.pagefactory.internal.LocatingElementHandler.invoke(LocatingElementHandler.java:51)
	at com.sun.proxy.$Proxy10.click(Unknown Source)
	at com.objects_pages.loginPage.logout(loginPage.java:297)
	at com.scenarios.WSAdmin_TC011_VerifyJobsTabandCountsofJobs.verifytheJobsTabandGetTheCountOfJobsInEachSection(WSAdmin_TC011_VerifyJobsTabandCountsofJobs.java:40)
	at com.controller.ScriptExecution.WSAdmin11(ScriptExecution.java:472)
	at java.base/java.util.concurrent.ThreadPoolExecutor.runWorker(Unknown Source)
	at java.base/java.util.concurrent.ThreadPoolExecutor$Worker.run(Unknown Source)
	at java.base/java.lang.Thread.run(Unknown Source)
... Removed 17 stack frames
</div> <!-- stack-trace -->
                </div> <!-- method-content -->
              </div> <!-- method -->
              <div class="method">
                <div class="method-content">
                  <a name="onboarding1">
                  </a> <!-- onboarding1 -->
                  <span class="method-name">onboarding1</span>
                  <div class="stack-trace">org.openqa.selenium.ElementNotVisibleException: element not interactable
  (Session info: chrome=71.0.3578.98)
  (Driver info: chromedriver=2.45.615291 (ec3682e3c9061c10f26ea9e5cdcf3c53f3f74387),platform=Windows NT 10.0.17134 x86_64) (WARNING: The server did not provide any stacktrace information)
Command duration or timeout: 0 milliseconds
Build info: version: &apos;3.14.0&apos;, revision: &apos;aacccce0&apos;, time: &apos;2018-08-02T20:19:58.91Z&apos;
System info: host: &apos;DESKTOP-L268OE3&apos;, ip: &apos;192.168.1.47&apos;, os.name: &apos;Windows 10&apos;, os.arch: &apos;amd64&apos;, os.version: &apos;10.0&apos;, java.version: &apos;10.0.2&apos;
Driver info: org.openqa.selenium.chrome.ChromeDriver
Capabilities {acceptInsecureCerts: true, acceptSslCerts: true, applicationCacheEnabled: false, browserConnectionEnabled: false, browserName: chrome, chrome: {chromedriverVersion: 2.45.615291 (ec3682e3c9061c..., userDataDir: C:\WINDOWS\TEMP\scoped_dir1...}, cssSelectorsEnabled: true, databaseEnabled: false, goog:chromeOptions: {debuggerAddress: localhost:61574}, handlesAlerts: true, hasTouchScreen: false, javascriptEnabled: true, locationContextEnabled: true, mobileEmulationEnabled: false, nativeEvents: true, networkConnectionEnabled: false, pageLoadStrategy: normal, platform: XP, platformName: XP, proxy: Proxy(), rotatable: false, setWindowRect: true, strictFileInteractability: false, takesHeapSnapshot: true, takesScreenshot: true, timeouts: {implicit: 0, pageLoad: 300000, script: 30000}, unexpectedAlertBehaviour: ignore, unhandledPromptBehavior: ignore, version: 71.0.3578.98, webStorageEnabled: true}
Session ID: 1b64d153e86fbaf7f3175ec0fc360adc
	at org.openqa.selenium.remote.ErrorHandler.createThrowable(ErrorHandler.java:214)
	at org.openqa.selenium.remote.ErrorHandler.throwIfResponseFailed(ErrorHandler.java:166)
	at org.openqa.selenium.remote.http.JsonHttpResponseCodec.reconstructValue(JsonHttpResponseCodec.java:40)
	at org.openqa.selenium.remote.http.AbstractHttpResponseCodec.decode(AbstractHttpResponseCodec.java:80)
	at org.openqa.selenium.remote.http.AbstractHttpResponseCodec.decode(AbstractHttpResponseCodec.java:44)
	at org.openqa.selenium.remote.HttpCommandExecutor.execute(HttpCommandExecutor.java:158)
	at org.openqa.selenium.remote.service.DriverCommandExecutor.execute(DriverCommandExecutor.java:83)
	at org.openqa.selenium.remote.RemoteWebDriver.execute(RemoteWebDriver.java:548)
	at org.openqa.selenium.remote.RemoteWebElement.execute(RemoteWebElement.java:276)
	at org.openqa.selenium.remote.RemoteWebElement.click(RemoteWebElement.java:83)
	at org.openqa.selenium.support.pagefactory.internal.LocatingElementHandler.invoke(LocatingElementHandler.java:51)
	at com.sun.proxy.$Proxy10.click(Unknown Source)
	at com.objects_pages.MyInterviewPage.VideoRecording_JobPost(MyInterviewPage.java:65)
	at com.objects_pages.Corporate_PostVideoJD_AddVideoPage.Complete_AddvideoPage(Corporate_PostVideoJD_AddVideoPage.java:48)
	at com.scenarios.GOCampaignCreation.guaranteedOnboardingCampaignCreation(GOCampaignCreation.java:52)
	at com.controller.ScriptExecution.onboarding1(ScriptExecution.java:367)
	at java.base/java.util.concurrent.ThreadPoolExecutor.runWorker(Unknown Source)
	at java.base/java.util.concurrent.ThreadPoolExecutor$Worker.run(Unknown Source)
	at java.base/java.lang.Thread.run(Unknown Source)
... Removed 17 stack frames
</div> <!-- stack-trace -->
                </div> <!-- method-content -->
              </div> <!-- method -->
              <div class="method">
                <div class="method-content">
                  <a name="onboarding2">
                  </a> <!-- onboarding2 -->
                  <span class="method-name">onboarding2</span>
                  <div class="stack-trace">org.openqa.selenium.NoSuchElementException: no such element: Unable to locate element: {&quot;method&quot;:&quot;xpath&quot;,&quot;selector&quot;:&quot;//span[contains(text(),&apos;#617&apos;)]/following::button[2]&quot;}
  (Session info: chrome=71.0.3578.98)
  (Driver info: chromedriver=2.45.615291 (ec3682e3c9061c10f26ea9e5cdcf3c53f3f74387),platform=Windows NT 10.0.17134 x86_64) (WARNING: The server did not provide any stacktrace information)
Command duration or timeout: 0 milliseconds
For documentation on this error, please visit: http://seleniumhq.org/exceptions/no_such_element.html
Build info: version: &apos;3.14.0&apos;, revision: &apos;aacccce0&apos;, time: &apos;2018-08-02T20:19:58.91Z&apos;
System info: host: &apos;DESKTOP-L268OE3&apos;, ip: &apos;192.168.1.47&apos;, os.name: &apos;Windows 10&apos;, os.arch: &apos;amd64&apos;, os.version: &apos;10.0&apos;, java.version: &apos;10.0.2&apos;
Driver info: org.openqa.selenium.chrome.ChromeDriver
Capabilities {acceptInsecureCerts: true, acceptSslCerts: true, applicationCacheEnabled: false, browserConnectionEnabled: false, browserName: chrome, chrome: {chromedriverVersion: 2.45.615291 (ec3682e3c9061c..., userDataDir: C:\WINDOWS\TEMP\scoped_dir1...}, cssSelectorsEnabled: true, databaseEnabled: false, goog:chromeOptions: {debuggerAddress: localhost:61624}, handlesAlerts: true, hasTouchScreen: false, javascriptEnabled: true, locationContextEnabled: true, mobileEmulationEnabled: false, nativeEvents: true, networkConnectionEnabled: false, pageLoadStrategy: normal, platform: XP, platformName: XP, proxy: Proxy(), rotatable: false, setWindowRect: true, strictFileInteractability: false, takesHeapSnapshot: true, takesScreenshot: true, timeouts: {implicit: 0, pageLoad: 300000, script: 30000}, unexpectedAlertBehaviour: ignore, unhandledPromptBehavior: ignore, version: 71.0.3578.98, webStorageEnabled: true}
Session ID: bcb747a7503980dc000c65f05137da22
*** Element info: {Using=xpath, value=//span[contains(text(),&apos;#617&apos;)]/following::button[2]}
	at org.openqa.selenium.remote.ErrorHandler.createThrowable(ErrorHandler.java:214)
	at org.openqa.selenium.remote.ErrorHandler.throwIfResponseFailed(ErrorHandler.java:166)
	at org.openqa.selenium.remote.http.JsonHttpResponseCodec.reconstructValue(JsonHttpResponseCodec.java:40)
	at org.openqa.selenium.remote.http.AbstractHttpResponseCodec.decode(AbstractHttpResponseCodec.java:80)
	at org.openqa.selenium.remote.http.AbstractHttpResponseCodec.decode(AbstractHttpResponseCodec.java:44)
	at org.openqa.selenium.remote.HttpCommandExecutor.execute(HttpCommandExecutor.java:158)
	at org.openqa.selenium.remote.service.DriverCommandExecutor.execute(DriverCommandExecutor.java:83)
	at org.openqa.selenium.remote.RemoteWebDriver.execute(RemoteWebDriver.java:548)
	at org.openqa.selenium.remote.RemoteWebDriver.findElement(RemoteWebDriver.java:322)
	at org.openqa.selenium.remote.RemoteWebDriver.findElementByXPath(RemoteWebDriver.java:424)
	at org.openqa.selenium.By$ByXPath.findElement(By.java:353)
	at org.openqa.selenium.remote.RemoteWebDriver.findElement(RemoteWebDriver.java:314)
	at com.objects_pages.ManageJobPage.Click_Mangae_Job(ManageJobPage.java:61)
	at com.scenarios.GO_Admin_AlignAgencies.AlignAgentforGO(GO_Admin_AlignAgencies.java:42)
	at com.controller.ScriptExecution.onboarding2(ScriptExecution.java:373)
	at java.base/java.util.concurrent.ThreadPoolExecutor.runWorker(Unknown Source)
	at java.base/java.util.concurrent.ThreadPoolExecutor$Worker.run(Unknown Source)
	at java.base/java.lang.Thread.run(Unknown Source)
... Removed 14 stack frames
</div> <!-- stack-trace -->
                </div> <!-- method-content -->
              </div> <!-- method -->
              <div class="method">
                <div class="method-content">
                  <a name="onboarding3">
                  </a> <!-- onboarding3 -->
                  <span class="method-name">onboarding3</span>
                  <div class="stack-trace">org.openqa.selenium.NoSuchElementException: no such element: Unable to locate element: {&quot;method&quot;:&quot;xpath&quot;,&quot;selector&quot;:&quot;//span[contains(text(),&apos;#617&apos;)]/following::button[2]&quot;}
  (Session info: chrome=71.0.3578.98)
  (Driver info: chromedriver=2.45.615291 (ec3682e3c9061c10f26ea9e5cdcf3c53f3f74387),platform=Windows NT 10.0.17134 x86_64) (WARNING: The server did not provide any stacktrace information)
Command duration or timeout: 0 milliseconds
For documentation on this error, please visit: http://seleniumhq.org/exceptions/no_such_element.html
Build info: version: &apos;3.14.0&apos;, revision: &apos;aacccce0&apos;, time: &apos;2018-08-02T20:19:58.91Z&apos;
System info: host: &apos;DESKTOP-L268OE3&apos;, ip: &apos;192.168.1.47&apos;, os.name: &apos;Windows 10&apos;, os.arch: &apos;amd64&apos;, os.version: &apos;10.0&apos;, java.version: &apos;10.0.2&apos;
Driver info: org.openqa.selenium.chrome.ChromeDriver
Capabilities {acceptInsecureCerts: true, acceptSslCerts: true, applicationCacheEnabled: false, browserConnectionEnabled: false, browserName: chrome, chrome: {chromedriverVersion: 2.45.615291 (ec3682e3c9061c..., userDataDir: C:\WINDOWS\TEMP\scoped_dir1...}, cssSelectorsEnabled: true, databaseEnabled: false, goog:chromeOptions: {debuggerAddress: localhost:61655}, handlesAlerts: true, hasTouchScreen: false, javascriptEnabled: true, locationContextEnabled: true, mobileEmulationEnabled: false, nativeEvents: true, networkConnectionEnabled: false, pageLoadStrategy: normal, platform: XP, platformName: XP, proxy: Proxy(), rotatable: false, setWindowRect: true, strictFileInteractability: false, takesHeapSnapshot: true, takesScreenshot: true, timeouts: {implicit: 0, pageLoad: 300000, script: 30000}, unexpectedAlertBehaviour: ignore, unhandledPromptBehavior: ignore, version: 71.0.3578.98, webStorageEnabled: true}
Session ID: 3e946d491ea437528c2dea26dac0fcf2
*** Element info: {Using=xpath, value=//span[contains(text(),&apos;#617&apos;)]/following::button[2]}
	at org.openqa.selenium.remote.ErrorHandler.createThrowable(ErrorHandler.java:214)
	at org.openqa.selenium.remote.ErrorHandler.throwIfResponseFailed(ErrorHandler.java:166)
	at org.openqa.selenium.remote.http.JsonHttpResponseCodec.reconstructValue(JsonHttpResponseCodec.java:40)
	at org.openqa.selenium.remote.http.AbstractHttpResponseCodec.decode(AbstractHttpResponseCodec.java:80)
	at org.openqa.selenium.remote.http.AbstractHttpResponseCodec.decode(AbstractHttpResponseCodec.java:44)
	at org.openqa.selenium.remote.HttpCommandExecutor.execute(HttpCommandExecutor.java:158)
	at org.openqa.selenium.remote.service.DriverCommandExecutor.execute(DriverCommandExecutor.java:83)
	at org.openqa.selenium.remote.RemoteWebDriver.execute(RemoteWebDriver.java:548)
	at org.openqa.selenium.remote.RemoteWebDriver.findElement(RemoteWebDriver.java:322)
	at org.openqa.selenium.remote.RemoteWebDriver.findElementByXPath(RemoteWebDriver.java:424)
	at org.openqa.selenium.By$ByXPath.findElement(By.java:353)
	at org.openqa.selenium.remote.RemoteWebDriver.findElement(RemoteWebDriver.java:314)
	at com.objects_pages.Agency_CampaignsPage.Accept_Job(Agency_CampaignsPage.java:45)
	at com.scenarios.GO_AgentAcceptandTagCandidates.agentAcceptandTagCandidates(GO_AgentAcceptandTagCandidates.java:42)
	at com.controller.ScriptExecution.onboarding3(ScriptExecution.java:379)
	at java.base/java.util.concurrent.ThreadPoolExecutor.runWorker(Unknown Source)
	at java.base/java.util.concurrent.ThreadPoolExecutor$Worker.run(Unknown Source)
	at java.base/java.lang.Thread.run(Unknown Source)
... Removed 14 stack frames
</div> <!-- stack-trace -->
                </div> <!-- method-content -->
              </div> <!-- method -->
              <div class="method">
                <div class="method-content">
                  <a name="onboarding4">
                  </a> <!-- onboarding4 -->
                  <span class="method-name">onboarding4</span>
                  <div class="stack-trace">org.openqa.selenium.NoSuchElementException: no such element: Unable to locate element: {&quot;method&quot;:&quot;xpath&quot;,&quot;selector&quot;:&quot;//span[contains(text(),&apos;#617&apos;)]/following::button[2]&quot;}
  (Session info: chrome=71.0.3578.98)
  (Driver info: chromedriver=2.45.615291 (ec3682e3c9061c10f26ea9e5cdcf3c53f3f74387),platform=Windows NT 10.0.17134 x86_64) (WARNING: The server did not provide any stacktrace information)
Command duration or timeout: 0 milliseconds
For documentation on this error, please visit: http://seleniumhq.org/exceptions/no_such_element.html
Build info: version: &apos;3.14.0&apos;, revision: &apos;aacccce0&apos;, time: &apos;2018-08-02T20:19:58.91Z&apos;
System info: host: &apos;DESKTOP-L268OE3&apos;, ip: &apos;192.168.1.47&apos;, os.name: &apos;Windows 10&apos;, os.arch: &apos;amd64&apos;, os.version: &apos;10.0&apos;, java.version: &apos;10.0.2&apos;
Driver info: org.openqa.selenium.chrome.ChromeDriver
Capabilities {acceptInsecureCerts: true, acceptSslCerts: true, applicationCacheEnabled: false, browserConnectionEnabled: false, browserName: chrome, chrome: {chromedriverVersion: 2.45.615291 (ec3682e3c9061c..., userDataDir: C:\WINDOWS\TEMP\scoped_dir1...}, cssSelectorsEnabled: true, databaseEnabled: false, goog:chromeOptions: {debuggerAddress: localhost:61683}, handlesAlerts: true, hasTouchScreen: false, javascriptEnabled: true, locationContextEnabled: true, mobileEmulationEnabled: false, nativeEvents: true, networkConnectionEnabled: false, pageLoadStrategy: normal, platform: XP, platformName: XP, proxy: Proxy(), rotatable: false, setWindowRect: true, strictFileInteractability: false, takesHeapSnapshot: true, takesScreenshot: true, timeouts: {implicit: 0, pageLoad: 300000, script: 30000}, unexpectedAlertBehaviour: ignore, unhandledPromptBehavior: ignore, version: 71.0.3578.98, webStorageEnabled: true}
Session ID: 47390d4b80cc545e93052b6a5cdecc09
*** Element info: {Using=xpath, value=//span[contains(text(),&apos;#617&apos;)]/following::button[2]}
	at org.openqa.selenium.remote.ErrorHandler.createThrowable(ErrorHandler.java:214)
	at org.openqa.selenium.remote.ErrorHandler.throwIfResponseFailed(ErrorHandler.java:166)
	at org.openqa.selenium.remote.http.JsonHttpResponseCodec.reconstructValue(JsonHttpResponseCodec.java:40)
	at org.openqa.selenium.remote.http.AbstractHttpResponseCodec.decode(AbstractHttpResponseCodec.java:80)
	at org.openqa.selenium.remote.http.AbstractHttpResponseCodec.decode(AbstractHttpResponseCodec.java:44)
	at org.openqa.selenium.remote.HttpCommandExecutor.execute(HttpCommandExecutor.java:158)
	at org.openqa.selenium.remote.service.DriverCommandExecutor.execute(DriverCommandExecutor.java:83)
	at org.openqa.selenium.remote.RemoteWebDriver.execute(RemoteWebDriver.java:548)
	at org.openqa.selenium.remote.RemoteWebDriver.findElement(RemoteWebDriver.java:322)
	at org.openqa.selenium.remote.RemoteWebDriver.findElementByXPath(RemoteWebDriver.java:424)
	at org.openqa.selenium.By$ByXPath.findElement(By.java:353)
	at org.openqa.selenium.remote.RemoteWebDriver.findElement(RemoteWebDriver.java:314)
	at com.objects_pages.ManageJobPage.Click_Mangae_Job(ManageJobPage.java:61)
	at com.scenarios.GO_AdminReviewSubmission.goAdminReviewSubmission(GO_AdminReviewSubmission.java:42)
	at com.controller.ScriptExecution.onboarding4(ScriptExecution.java:385)
	at java.base/java.util.concurrent.ThreadPoolExecutor.runWorker(Unknown Source)
	at java.base/java.util.concurrent.ThreadPoolExecutor$Worker.run(Unknown Source)
	at java.base/java.lang.Thread.run(Unknown Source)
... Removed 14 stack frames
</div> <!-- stack-trace -->
                </div> <!-- method-content -->
              </div> <!-- method -->
              <div class="method">
                <div class="method-content">
                  <a name="onboarding5">
                  </a> <!-- onboarding5 -->
                  <span class="method-name">onboarding5</span>
                  <div class="stack-trace">org.openqa.selenium.NoSuchElementException: no such element: Unable to locate element: {&quot;method&quot;:&quot;xpath&quot;,&quot;selector&quot;:&quot;//span[@class=&apos;pull-left accent&apos;]&quot;}
  (Session info: chrome=71.0.3578.98)
  (Driver info: chromedriver=2.45.615291 (ec3682e3c9061c10f26ea9e5cdcf3c53f3f74387),platform=Windows NT 10.0.17134 x86_64) (WARNING: The server did not provide any stacktrace information)
Command duration or timeout: 0 milliseconds
For documentation on this error, please visit: http://seleniumhq.org/exceptions/no_such_element.html
Build info: version: &apos;3.14.0&apos;, revision: &apos;aacccce0&apos;, time: &apos;2018-08-02T20:19:58.91Z&apos;
System info: host: &apos;DESKTOP-L268OE3&apos;, ip: &apos;192.168.1.47&apos;, os.name: &apos;Windows 10&apos;, os.arch: &apos;amd64&apos;, os.version: &apos;10.0&apos;, java.version: &apos;10.0.2&apos;
Driver info: org.openqa.selenium.chrome.ChromeDriver
Capabilities {acceptInsecureCerts: true, acceptSslCerts: true, applicationCacheEnabled: false, browserConnectionEnabled: false, browserName: chrome, chrome: {chromedriverVersion: 2.45.615291 (ec3682e3c9061c..., userDataDir: C:\WINDOWS\TEMP\scoped_dir1...}, cssSelectorsEnabled: true, databaseEnabled: false, goog:chromeOptions: {debuggerAddress: localhost:61714}, handlesAlerts: true, hasTouchScreen: false, javascriptEnabled: true, locationContextEnabled: true, mobileEmulationEnabled: false, nativeEvents: true, networkConnectionEnabled: false, pageLoadStrategy: normal, platform: XP, platformName: XP, proxy: Proxy(), rotatable: false, setWindowRect: true, strictFileInteractability: false, takesHeapSnapshot: true, takesScreenshot: true, timeouts: {implicit: 0, pageLoad: 300000, script: 30000}, unexpectedAlertBehaviour: ignore, unhandledPromptBehavior: ignore, version: 71.0.3578.98, webStorageEnabled: true}
Session ID: 9ba5eeee522afa6234ef7d785fb45603
*** Element info: {Using=xpath, value=//span[@class=&apos;pull-left accent&apos;]}
	at org.openqa.selenium.remote.ErrorHandler.createThrowable(ErrorHandler.java:214)
	at org.openqa.selenium.remote.ErrorHandler.throwIfResponseFailed(ErrorHandler.java:166)
	at org.openqa.selenium.remote.http.JsonHttpResponseCodec.reconstructValue(JsonHttpResponseCodec.java:40)
	at org.openqa.selenium.remote.http.AbstractHttpResponseCodec.decode(AbstractHttpResponseCodec.java:80)
	at org.openqa.selenium.remote.http.AbstractHttpResponseCodec.decode(AbstractHttpResponseCodec.java:44)
	at org.openqa.selenium.remote.HttpCommandExecutor.execute(HttpCommandExecutor.java:158)
	at org.openqa.selenium.remote.service.DriverCommandExecutor.execute(DriverCommandExecutor.java:83)
	at org.openqa.selenium.remote.RemoteWebDriver.execute(RemoteWebDriver.java:548)
	at org.openqa.selenium.remote.RemoteWebDriver.findElement(RemoteWebDriver.java:322)
	at org.openqa.selenium.remote.RemoteWebDriver.findElementByXPath(RemoteWebDriver.java:424)
	at org.openqa.selenium.By$ByXPath.findElement(By.java:353)
	at org.openqa.selenium.remote.RemoteWebDriver.findElement(RemoteWebDriver.java:314)
	at org.openqa.selenium.support.pagefactory.DefaultElementLocator.findElement(DefaultElementLocator.java:69)
	at org.openqa.selenium.support.pagefactory.internal.LocatingElementHandler.invoke(LocatingElementHandler.java:38)
	at com.sun.proxy.$Proxy10.click(Unknown Source)
	at com.objects_pages.ManageResponsesPage.clickPendingReviewBackButton(ManageResponsesPage.java:100)
	at com.scenarios.GO_CorporateShortlists.corporateShortlist(GO_CorporateShortlists.java:62)
	at com.controller.ScriptExecution.onboarding5(ScriptExecution.java:391)
	at java.base/java.util.concurrent.ThreadPoolExecutor.runWorker(Unknown Source)
	at java.base/java.util.concurrent.ThreadPoolExecutor$Worker.run(Unknown Source)
	at java.base/java.lang.Thread.run(Unknown Source)
... Removed 13 stack frames
</div> <!-- stack-trace -->
                </div> <!-- method-content -->
              </div> <!-- method -->
            </div> <!-- main-panel-content rounded-window-bottom -->
          </div> <!-- suite-WS_Suite-class-failed -->
          <div class="suite-WS_Suite-class-skipped">
            <div class="main-panel-header rounded-window-top">
              <img src="skipped.png"/>
              <span class="class-name">com.controller.ScriptExecution</span>
            </div> <!-- main-panel-header rounded-window-top -->
            <div class="main-panel-content rounded-window-bottom">
              <div class="method">
                <div class="method-content">
                  <a name="CorporateDashboard02">
                  </a> <!-- CorporateDashboard02 -->
                  <span class="method-name">CorporateDashboard02</span>
                  <div class="stack-trace">java.lang.Throwable: Method ScriptExecution.CorporateDashboard02()[pri:0, instance:com.controller.ScriptExecution@2118cddf] depends on not successfully finished methods
	at java.base/java.util.concurrent.ThreadPoolExecutor.runWorker(Unknown Source)
	at java.base/java.util.concurrent.ThreadPoolExecutor$Worker.run(Unknown Source)
	at java.base/java.lang.Thread.run(Unknown Source)
... Removed 3 stack frames
</div> <!-- stack-trace -->
                </div> <!-- method-content -->
              </div> <!-- method -->
              <div class="method">
                <div class="method-content">
                  <a name="CorporateDashboard03">
                  </a> <!-- CorporateDashboard03 -->
                  <span class="method-name">CorporateDashboard03</span>
                  <div class="stack-trace">java.lang.Throwable: Method ScriptExecution.CorporateDashboard03()[pri:0, instance:com.controller.ScriptExecution@2118cddf] depends on not successfully finished methods
	at java.base/java.util.concurrent.ThreadPoolExecutor.runWorker(Unknown Source)
	at java.base/java.util.concurrent.ThreadPoolExecutor$Worker.run(Unknown Source)
	at java.base/java.lang.Thread.run(Unknown Source)
... Removed 3 stack frames
</div> <!-- stack-trace -->
                </div> <!-- method-content -->
              </div> <!-- method -->
            </div> <!-- main-panel-content rounded-window-bottom -->
          </div> <!-- suite-WS_Suite-class-skipped -->
          <div class="suite-WS_Suite-class-passed">
            <div class="main-panel-header rounded-window-top">
              <img src="passed.png"/>
              <span class="class-name">com.controller.ScriptExecution</span>
            </div> <!-- main-panel-header rounded-window-top -->
            <div class="main-panel-content rounded-window-bottom">
              <div class="method">
                <div class="method-content">
                  <a name="CorpProfile2">
                  </a> <!-- CorpProfile2 -->
                  <span class="method-name">CorpProfile2</span>
                </div> <!-- method-content -->
              </div> <!-- method -->
              <div class="method">
                <div class="method-content">
                  <a name="CorpUserMangement09">
                  </a> <!-- CorpUserMangement09 -->
                  <span class="method-name">CorpUserMangement09</span>
                </div> <!-- method-content -->
              </div> <!-- method -->
              <div class="method">
                <div class="method-content">
                  <a name="CorpUserMangement11">
                  </a> <!-- CorpUserMangement11 -->
                  <span class="method-name">CorpUserMangement11</span>
                </div> <!-- method-content -->
              </div> <!-- method -->
              <div class="method">
                <div class="method-content">
                  <a name="CorporateDashboard01">
                  </a> <!-- CorporateDashboard01 -->
                  <span class="method-name">CorporateDashboard01</span>
                </div> <!-- method-content -->
              </div> <!-- method -->
              <div class="method">
                <div class="method-content">
                  <a name="CorporateJob1">
                  </a> <!-- CorporateJob1 -->
                  <span class="method-name">CorporateJob1</span>
                </div> <!-- method-content -->
              </div> <!-- method -->
              <div class="method">
                <div class="method-content">
                  <a name="Login1">
                  </a> <!-- Login1 -->
                  <span class="method-name">Login1</span>
                </div> <!-- method-content -->
              </div> <!-- method -->
              <div class="method">
                <div class="method-content">
                  <a name="Login2">
                  </a> <!-- Login2 -->
                  <span class="method-name">Login2</span>
                </div> <!-- method-content -->
              </div> <!-- method -->
              <div class="method">
                <div class="method-content">
                  <a name="Login3">
                  </a> <!-- Login3 -->
                  <span class="method-name">Login3</span>
                </div> <!-- method-content -->
              </div> <!-- method -->
              <div class="method">
                <div class="method-content">
                  <a name="Login4">
                  </a> <!-- Login4 -->
                  <span class="method-name">Login4</span>
                </div> <!-- method-content -->
              </div> <!-- method -->
              <div class="method">
                <div class="method-content">
                  <a name="Login5">
                  </a> <!-- Login5 -->
                  <span class="method-name">Login5</span>
                </div> <!-- method-content -->
              </div> <!-- method -->
              <div class="method">
                <div class="method-content">
                  <a name="Login6">
                  </a> <!-- Login6 -->
                  <span class="method-name">Login6</span>
                </div> <!-- method-content -->
              </div> <!-- method -->
              <div class="method">
                <div class="method-content">
                  <a name="Submission03">
                  </a> <!-- Submission03 -->
                  <span class="method-name">Submission03</span>
                </div> <!-- method-content -->
              </div> <!-- method -->
              <div class="method">
                <div class="method-content">
                  <a name="Submission04">
                  </a> <!-- Submission04 -->
                  <span class="method-name">Submission04</span>
                </div> <!-- method-content -->
              </div> <!-- method -->
              <div class="method">
                <div class="method-content">
                  <a name="Submission05">
                  </a> <!-- Submission05 -->
                  <span class="method-name">Submission05</span>
                </div> <!-- method-content -->
              </div> <!-- method -->
              <div class="method">
                <div class="method-content">
                  <a name="Submission06">
                  </a> <!-- Submission06 -->
                  <span class="method-name">Submission06</span>
                </div> <!-- method-content -->
              </div> <!-- method -->
              <div class="method">
                <div class="method-content">
                  <a name="Submission07">
                  </a> <!-- Submission07 -->
                  <span class="method-name">Submission07</span>
                </div> <!-- method-content -->
              </div> <!-- method -->
              <div class="method">
                <div class="method-content">
                  <a name="WSAdmin01">
                  </a> <!-- WSAdmin01 -->
                  <span class="method-name">WSAdmin01</span>
                </div> <!-- method-content -->
              </div> <!-- method -->
              <div class="method">
                <div class="method-content">
                  <a name="WSAdmin02">
                  </a> <!-- WSAdmin02 -->
                  <span class="method-name">WSAdmin02</span>
                </div> <!-- method-content -->
              </div> <!-- method -->
              <div class="method">
                <div class="method-content">
                  <a name="WSAdmin03">
                  </a> <!-- WSAdmin03 -->
                  <span class="method-name">WSAdmin03</span>
                </div> <!-- method-content -->
              </div> <!-- method -->
              <div class="method">
                <div class="method-content">
                  <a name="WSAdmin04">
                  </a> <!-- WSAdmin04 -->
                  <span class="method-name">WSAdmin04</span>
                </div> <!-- method-content -->
              </div> <!-- method -->
              <div class="method">
                <div class="method-content">
                  <a name="WSAdmin05">
                  </a> <!-- WSAdmin05 -->
                  <span class="method-name">WSAdmin05</span>
                </div> <!-- method-content -->
              </div> <!-- method -->
              <div class="method">
                <div class="method-content">
                  <a name="WSAdmin07">
                  </a> <!-- WSAdmin07 -->
                  <span class="method-name">WSAdmin07</span>
                </div> <!-- method-content -->
              </div> <!-- method -->
              <div class="method">
                <div class="method-content">
                  <a name="WSAdmin08">
                  </a> <!-- WSAdmin08 -->
                  <span class="method-name">WSAdmin08</span>
                </div> <!-- method-content -->
              </div> <!-- method -->
              <div class="method">
                <div class="method-content">
                  <a name="WSAdmin10">
                  </a> <!-- WSAdmin10 -->
                  <span class="method-name">WSAdmin10</span>
                </div> <!-- method-content -->
              </div> <!-- method -->
            </div> <!-- main-panel-content rounded-window-bottom -->
          </div> <!-- suite-WS_Suite-class-passed -->
        </div> <!-- panel WS_Suite -->
        <div panel-name="test-xml-WS_Suite" class="panel">
          <div class="main-panel-header rounded-window-top">
            <span class="header-content">C:\Users\DELL\git\platformautomation\com.automation.wsp\src\main\resources\testng.xml</span>
          </div> <!-- main-panel-header rounded-window-top -->
          <div class="main-panel-content rounded-window-bottom">
            <pre>
&lt;?xml version=&quot;1.0&quot; encoding=&quot;UTF-8&quot;?&gt;
&lt;!DOCTYPE suite SYSTEM &quot;http://testng.org/testng-1.0.dtd&quot;&gt;
&lt;suite parallel=&quot;classes&quot; name=&quot;WS Suite&quot; guice-stage=&quot;DEVELOPMENT&quot; verbose=&quot;0&quot;&gt;
  &lt;test thread-count=&quot;5&quot; parallel=&quot;classes&quot; name=&quot;Normal Scripts&quot; verbose=&quot;0&quot;&gt;
    &lt;classes&gt;
      &lt;class name=&quot;com.controller.ScriptExecution&quot;/&gt;
    &lt;/classes&gt;
  &lt;/test&gt; &lt;!-- Normal Scripts --&gt;
&lt;/suite&gt; &lt;!-- WS Suite --&gt;
            </pre>
          </div> <!-- main-panel-content rounded-window-bottom -->
        </div> <!-- panel -->
        <div panel-name="testlist-WS_Suite" class="panel">
          <div class="main-panel-header rounded-window-top">
            <span class="header-content">Tests for WS Suite</span>
          </div> <!-- main-panel-header rounded-window-top -->
          <div class="main-panel-content rounded-window-bottom">
            <ul>
              <li>
                <span class="test-name">Normal Scripts (1 class)</span>
              </li>
            </ul>
          </div> <!-- main-panel-content rounded-window-bottom -->
        </div> <!-- panel -->
        <div panel-name="group-WS_Suite" class="panel">
          <div class="main-panel-header rounded-window-top">
            <span class="header-content">Groups for WS Suite</span>
          </div> <!-- main-panel-header rounded-window-top -->
          <div class="main-panel-content rounded-window-bottom">
          </div> <!-- main-panel-content rounded-window-bottom -->
        </div> <!-- panel -->
        <div panel-name="times-WS_Suite" class="panel">
          <div class="main-panel-header rounded-window-top">
            <span class="header-content">Times for WS Suite</span>
          </div> <!-- main-panel-header rounded-window-top -->
          <div class="main-panel-content rounded-window-bottom">
            <div class="times-div">
              <script type="text/javascript">
suiteTableInitFunctions.push('tableData_WS_Suite');
function tableData_WS_Suite() {
var data = new google.visualization.DataTable();
data.addColumn('number', 'Number');
data.addColumn('string', 'Method');
data.addColumn('string', 'Class');
data.addColumn('number', 'Time (ms)');
data.addRows(48);
data.setCell(0, 0, 0)
data.setCell(0, 1, 'Submission01')
data.setCell(0, 2, 'com.controller.ScriptExecution')
data.setCell(0, 3, 149124);
data.setCell(1, 0, 1)
data.setCell(1, 1, 'onboarding5')
data.setCell(1, 2, 'com.controller.ScriptExecution')
data.setCell(1, 3, 136352);
data.setCell(2, 0, 2)
data.setCell(2, 1, 'onboarding1')
data.setCell(2, 2, 'com.controller.ScriptExecution')
data.setCell(2, 3, 121131);
data.setCell(3, 0, 3)
data.setCell(3, 1, 'CorpProfile1')
data.setCell(3, 2, 'com.controller.ScriptExecution')
data.setCell(3, 3, 93044);
data.setCell(4, 0, 4)
data.setCell(4, 1, 'CorpUserMangement10')
data.setCell(4, 2, 'com.controller.ScriptExecution')
data.setCell(4, 3, 91997);
data.setCell(5, 0, 5)
data.setCell(5, 1, 'CorpUserMangement07')
data.setCell(5, 2, 'com.controller.ScriptExecution')
data.setCell(5, 3, 87271);
data.setCell(6, 0, 6)
data.setCell(6, 1, 'CorpUserMangement03')
data.setCell(6, 2, 'com.controller.ScriptExecution')
data.setCell(6, 3, 77079);
data.setCell(7, 0, 7)
data.setCell(7, 1, 'Submission07')
data.setCell(7, 2, 'com.controller.ScriptExecution')
data.setCell(7, 3, 76715);
data.setCell(8, 0, 8)
data.setCell(8, 1, 'CorpUserMangement04')
data.setCell(8, 2, 'com.controller.ScriptExecution')
data.setCell(8, 3, 72886);
data.setCell(9, 0, 9)
data.setCell(9, 1, 'CorpUserMangement12')
data.setCell(9, 2, 'com.controller.ScriptExecution')
data.setCell(9, 3, 71945);
data.setCell(10, 0, 10)
data.setCell(10, 1, 'CorpUserMangement02')
data.setCell(10, 2, 'com.controller.ScriptExecution')
data.setCell(10, 3, 69940);
data.setCell(11, 0, 11)
data.setCell(11, 1, 'Submission02')
data.setCell(11, 2, 'com.controller.ScriptExecution')
data.setCell(11, 3, 61827);
data.setCell(12, 0, 12)
data.setCell(12, 1, 'CorpUserMangement05')
data.setCell(12, 2, 'com.controller.ScriptExecution')
data.setCell(12, 3, 60755);
data.setCell(13, 0, 13)
data.setCell(13, 1, 'CorpUserMangement01')
data.setCell(13, 2, 'com.controller.ScriptExecution')
data.setCell(13, 3, 55943);
data.setCell(14, 0, 14)
data.setCell(14, 1, 'CorpUserMangement06')
data.setCell(14, 2, 'com.controller.ScriptExecution')
data.setCell(14, 3, 47577);
data.setCell(15, 0, 15)
data.setCell(15, 1, 'onboarding3')
data.setCell(15, 2, 'com.controller.ScriptExecution')
data.setCell(15, 3, 47059);
data.setCell(16, 0, 16)
data.setCell(16, 1, 'CorpUserMangement08')
data.setCell(16, 2, 'com.controller.ScriptExecution')
data.setCell(16, 3, 46156);
data.setCell(17, 0, 17)
data.setCell(17, 1, 'Submission06')
data.setCell(17, 2, 'com.controller.ScriptExecution')
data.setCell(17, 3, 45414);
data.setCell(18, 0, 18)
data.setCell(18, 1, 'onboarding2')
data.setCell(18, 2, 'com.controller.ScriptExecution')
data.setCell(18, 3, 44572);
data.setCell(19, 0, 19)
data.setCell(19, 1, 'CorpUserMangement11')
data.setCell(19, 2, 'com.controller.ScriptExecution')
data.setCell(19, 3, 42960);
data.setCell(20, 0, 20)
data.setCell(20, 1, 'WSAdmin06')
data.setCell(20, 2, 'com.controller.ScriptExecution')
data.setCell(20, 3, 41778);
data.setCell(21, 0, 21)
data.setCell(21, 1, 'onboarding4')
data.setCell(21, 2, 'com.controller.ScriptExecution')
data.setCell(21, 3, 40313);
data.setCell(22, 0, 22)
data.setCell(22, 1, 'CorpProfile2')
data.setCell(22, 2, 'com.controller.ScriptExecution')
data.setCell(22, 3, 39326);
data.setCell(23, 0, 23)
data.setCell(23, 1, 'CorpUserMangement09')
data.setCell(23, 2, 'com.controller.ScriptExecution')
data.setCell(23, 3, 31817);
data.setCell(24, 0, 24)
data.setCell(24, 1, 'Submission05')
data.setCell(24, 2, 'com.controller.ScriptExecution')
data.setCell(24, 3, 30837);
data.setCell(25, 0, 25)
data.setCell(25, 1, 'CorporateJob2')
data.setCell(25, 2, 'com.controller.ScriptExecution')
data.setCell(25, 3, 27958);
data.setCell(26, 0, 26)
data.setCell(26, 1, 'Login2')
data.setCell(26, 2, 'com.controller.ScriptExecution')
data.setCell(26, 3, 27345);
data.setCell(27, 0, 27)
data.setCell(27, 1, 'Submission03')
data.setCell(27, 2, 'com.controller.ScriptExecution')
data.setCell(27, 3, 26895);
data.setCell(28, 0, 28)
data.setCell(28, 1, 'Submission04')
data.setCell(28, 2, 'com.controller.ScriptExecution')
data.setCell(28, 3, 25685);
data.setCell(29, 0, 29)
data.setCell(29, 1, 'Login1')
data.setCell(29, 2, 'com.controller.ScriptExecution')
data.setCell(29, 3, 23849);
data.setCell(30, 0, 30)
data.setCell(30, 1, 'CorporateDashboard01')
data.setCell(30, 2, 'com.controller.ScriptExecution')
data.setCell(30, 3, 23290);
data.setCell(31, 0, 31)
data.setCell(31, 1, 'CorporateJob1')
data.setCell(31, 2, 'com.controller.ScriptExecution')
data.setCell(31, 3, 20729);
data.setCell(32, 0, 32)
data.setCell(32, 1, 'WSAdmin10')
data.setCell(32, 2, 'com.controller.ScriptExecution')
data.setCell(32, 3, 20268);
data.setCell(33, 0, 33)
data.setCell(33, 1, 'Login5')
data.setCell(33, 2, 'com.controller.ScriptExecution')
data.setCell(33, 3, 19041);
data.setCell(34, 0, 34)
data.setCell(34, 1, 'WSAdmin07')
data.setCell(34, 2, 'com.controller.ScriptExecution')
data.setCell(34, 3, 17794);
data.setCell(35, 0, 35)
data.setCell(35, 1, 'Login6')
data.setCell(35, 2, 'com.controller.ScriptExecution')
data.setCell(35, 3, 17259);
data.setCell(36, 0, 36)
data.setCell(36, 1, 'WSAdmin08')
data.setCell(36, 2, 'com.controller.ScriptExecution')
data.setCell(36, 3, 16791);
data.setCell(37, 0, 37)
data.setCell(37, 1, 'WSAdmin02')
data.setCell(37, 2, 'com.controller.ScriptExecution')
data.setCell(37, 3, 16323);
data.setCell(38, 0, 38)
data.setCell(38, 1, 'WSAdmin01')
data.setCell(38, 2, 'com.controller.ScriptExecution')
data.setCell(38, 3, 15503);
data.setCell(39, 0, 39)
data.setCell(39, 1, 'WSAdmin03')
data.setCell(39, 2, 'com.controller.ScriptExecution')
data.setCell(39, 3, 15120);
data.setCell(40, 0, 40)
data.setCell(40, 1, 'WSAdmin09')
data.setCell(40, 2, 'com.controller.ScriptExecution')
data.setCell(40, 3, 14931);
data.setCell(41, 0, 41)
data.setCell(41, 1, 'WSAdmin04')
data.setCell(41, 2, 'com.controller.ScriptExecution')
data.setCell(41, 3, 14776);
data.setCell(42, 0, 42)
data.setCell(42, 1, 'WSAdmin05')
data.setCell(42, 2, 'com.controller.ScriptExecution')
data.setCell(42, 3, 14753);
data.setCell(43, 0, 43)
data.setCell(43, 1, 'Login4')
data.setCell(43, 2, 'com.controller.ScriptExecution')
data.setCell(43, 3, 13361);
data.setCell(44, 0, 44)
data.setCell(44, 1, 'WSAdmin11')
data.setCell(44, 2, 'com.controller.ScriptExecution')
data.setCell(44, 3, 12842);
data.setCell(45, 0, 45)
data.setCell(45, 1, 'Login3')
data.setCell(45, 2, 'com.controller.ScriptExecution')
data.setCell(45, 3, 12559);
data.setCell(46, 0, 46)
data.setCell(46, 1, 'CorporateDashboard02')
data.setCell(46, 2, 'com.controller.ScriptExecution')
data.setCell(46, 3, 0);
data.setCell(47, 0, 47)
data.setCell(47, 1, 'CorporateDashboard03')
data.setCell(47, 2, 'com.controller.ScriptExecution')
data.setCell(47, 3, 0);
window.suiteTableData['WS_Suite']= { tableData: data, tableDiv: 'times-div-WS_Suite'}
return data;
}
              </script>
              <span class="suite-total-time">Total running time: 34 minutes</span>
              <div id="times-div-WS_Suite">
              </div> <!-- times-div-WS_Suite -->
            </div> <!-- times-div -->
          </div> <!-- main-panel-content rounded-window-bottom -->
        </div> <!-- panel -->
        <div panel-name="reporter-WS_Suite" class="panel">
          <div class="main-panel-header rounded-window-top">
            <span class="header-content">Reporter output for WS Suite</span>
          </div> <!-- main-panel-header rounded-window-top -->
          <div class="main-panel-content rounded-window-bottom">
          </div> <!-- main-panel-content rounded-window-bottom -->
        </div> <!-- panel -->
        <div panel-name="ignored-methods-WS_Suite" class="panel">
          <div class="main-panel-header rounded-window-top">
            <span class="header-content">0 ignored methods</span>
          </div> <!-- main-panel-header rounded-window-top -->
          <div class="main-panel-content rounded-window-bottom">
          </div> <!-- main-panel-content rounded-window-bottom -->
        </div> <!-- panel -->
        <div panel-name="chronological-WS_Suite" class="panel">
          <div class="main-panel-header rounded-window-top">
            <span class="header-content">Methods in chronological order</span>
          </div> <!-- main-panel-header rounded-window-top -->
          <div class="main-panel-content rounded-window-bottom">
            <div class="chronological-class">
              <div class="chronological-class-name">com.controller.ScriptExecution</div> <!-- chronological-class-name -->
              <div class="configuration-method before">
                <span class="method-name">Launch_Browser</span>
                <span class="method-start">0 ms</span>
              </div> <!-- configuration-method before -->
              <div class="test-method">
                <img src="failed.png">
                </img>
                <span class="method-name">CorpProfile1</span>
                <span class="method-start">4370 ms</span>
              </div> <!-- test-method -->
              <div class="configuration-method after">
                <span class="method-name">Close_Browser</span>
                <span class="method-start">97787 ms</span>
              </div> <!-- configuration-method after -->
              <div class="configuration-method before">
                <span class="method-name">Launch_Browser</span>
                <span class="method-start">100460 ms</span>
              </div> <!-- configuration-method before -->
              <div class="test-method">
                <span class="method-name">CorpProfile2</span>
                <span class="method-start">103612 ms</span>
              </div> <!-- test-method -->
              <div class="configuration-method after">
                <span class="method-name">Close_Browser</span>
                <span class="method-start">142938 ms</span>
              </div> <!-- configuration-method after -->
              <div class="configuration-method before">
                <span class="method-name">Launch_Browser</span>
                <span class="method-start">145605 ms</span>
              </div> <!-- configuration-method before -->
              <div class="test-method">
                <img src="failed.png">
                </img>
                <span class="method-name">CorpUserMangement01</span>
                <span class="method-start">148769 ms</span>
              </div> <!-- test-method -->
              <div class="configuration-method after">
                <span class="method-name">Close_Browser</span>
                <span class="method-start">204981 ms</span>
              </div> <!-- configuration-method after -->
              <div class="configuration-method before">
                <span class="method-name">Launch_Browser</span>
                <span class="method-start">207622 ms</span>
              </div> <!-- configuration-method before -->
              <div class="test-method">
                <img src="failed.png">
                </img>
                <span class="method-name">CorpUserMangement02</span>
                <span class="method-start">210795 ms</span>
              </div> <!-- test-method -->
              <div class="configuration-method after">
                <span class="method-name">Close_Browser</span>
                <span class="method-start">281157 ms</span>
              </div> <!-- configuration-method after -->
              <div class="configuration-method before">
                <span class="method-name">Launch_Browser</span>
                <span class="method-start">283802 ms</span>
              </div> <!-- configuration-method before -->
              <div class="test-method">
                <img src="failed.png">
                </img>
                <span class="method-name">CorpUserMangement03</span>
                <span class="method-start">286988 ms</span>
              </div> <!-- test-method -->
              <div class="configuration-method after">
                <span class="method-name">Close_Browser</span>
                <span class="method-start">364332 ms</span>
              </div> <!-- configuration-method after -->
              <div class="configuration-method before">
                <span class="method-name">Launch_Browser</span>
                <span class="method-start">367013 ms</span>
              </div> <!-- configuration-method before -->
              <div class="test-method">
                <img src="failed.png">
                </img>
                <span class="method-name">CorpUserMangement04</span>
                <span class="method-start">370429 ms</span>
              </div> <!-- test-method -->
              <div class="configuration-method after">
                <span class="method-name">Close_Browser</span>
                <span class="method-start">443589 ms</span>
              </div> <!-- configuration-method after -->
              <div class="configuration-method before">
                <span class="method-name">Launch_Browser</span>
                <span class="method-start">446241 ms</span>
              </div> <!-- configuration-method before -->
              <div class="test-method">
                <img src="failed.png">
                </img>
                <span class="method-name">CorpUserMangement05</span>
                <span class="method-start">449727 ms</span>
              </div> <!-- test-method -->
              <div class="configuration-method after">
                <span class="method-name">Close_Browser</span>
                <span class="method-start">510753 ms</span>
              </div> <!-- configuration-method after -->
              <div class="configuration-method before">
                <span class="method-name">Launch_Browser</span>
                <span class="method-start">513395 ms</span>
              </div> <!-- configuration-method before -->
              <div class="test-method">
                <img src="failed.png">
                </img>
                <span class="method-name">CorpUserMangement06</span>
                <span class="method-start">516723 ms</span>
              </div> <!-- test-method -->
              <div class="configuration-method after">
                <span class="method-name">Close_Browser</span>
                <span class="method-start">564818 ms</span>
              </div> <!-- configuration-method after -->
              <div class="configuration-method before">
                <span class="method-name">Launch_Browser</span>
                <span class="method-start">567492 ms</span>
              </div> <!-- configuration-method before -->
              <div class="test-method">
                <img src="failed.png">
                </img>
                <span class="method-name">CorpUserMangement07</span>
                <span class="method-start">570753 ms</span>
              </div> <!-- test-method -->
              <div class="configuration-method after">
                <span class="method-name">Close_Browser</span>
                <span class="method-start">658312 ms</span>
              </div> <!-- configuration-method after -->
              <div class="configuration-method before">
                <span class="method-name">Launch_Browser</span>
                <span class="method-start">661070 ms</span>
              </div> <!-- configuration-method before -->
              <div class="test-method">
                <img src="failed.png">
                </img>
                <span class="method-name">CorpUserMangement08</span>
                <span class="method-start">664473 ms</span>
              </div> <!-- test-method -->
              <div class="configuration-method after">
                <span class="method-name">Close_Browser</span>
                <span class="method-start">710891 ms</span>
              </div> <!-- configuration-method after -->
              <div class="configuration-method before">
                <span class="method-name">Launch_Browser</span>
                <span class="method-start">713558 ms</span>
              </div> <!-- configuration-method before -->
              <div class="test-method">
                <span class="method-name">CorpUserMangement09</span>
                <span class="method-start">716884 ms</span>
              </div> <!-- test-method -->
              <div class="configuration-method after">
                <span class="method-name">Close_Browser</span>
                <span class="method-start">748701 ms</span>
              </div> <!-- configuration-method after -->
              <div class="configuration-method before">
                <span class="method-name">Launch_Browser</span>
                <span class="method-start">751351 ms</span>
              </div> <!-- configuration-method before -->
              <div class="test-method">
                <img src="failed.png">
                </img>
                <span class="method-name">CorpUserMangement10</span>
                <span class="method-start">754988 ms</span>
              </div> <!-- test-method -->
              <div class="configuration-method after">
                <span class="method-name">Close_Browser</span>
                <span class="method-start">847232 ms</span>
              </div> <!-- configuration-method after -->
              <div class="configuration-method before">
                <span class="method-name">Launch_Browser</span>
                <span class="method-start">849888 ms</span>
              </div> <!-- configuration-method before -->
              <div class="test-method">
                <span class="method-name">CorpUserMangement11</span>
                <span class="method-start">853064 ms</span>
              </div> <!-- test-method -->
              <div class="configuration-method after">
                <span class="method-name">Close_Browser</span>
                <span class="method-start">896024 ms</span>
              </div> <!-- configuration-method after -->
              <div class="configuration-method before">
                <span class="method-name">Launch_Browser</span>
                <span class="method-start">898698 ms</span>
              </div> <!-- configuration-method before -->
              <div class="test-method">
                <img src="failed.png">
                </img>
                <span class="method-name">CorpUserMangement12</span>
                <span class="method-start">902048 ms</span>
              </div> <!-- test-method -->
              <div class="configuration-method after">
                <span class="method-name">Close_Browser</span>
                <span class="method-start">974254 ms</span>
              </div> <!-- configuration-method after -->
              <div class="configuration-method before">
                <span class="method-name">Launch_Browser</span>
                <span class="method-start">976889 ms</span>
              </div> <!-- configuration-method before -->
              <div class="test-method">
                <span class="method-name">CorporateDashboard01</span>
                <span class="method-start">980044 ms</span>
              </div> <!-- test-method -->
              <div class="configuration-method after">
                <span class="method-name">Close_Browser</span>
                <span class="method-start">1003334 ms</span>
              </div> <!-- configuration-method after -->
              <div class="configuration-method before">
                <span class="method-name">Launch_Browser</span>
                <span class="method-start">1006095 ms</span>
              </div> <!-- configuration-method before -->
              <div class="test-method">
                <span class="method-name">CorporateJob1</span>
                <span class="method-start">1009357 ms</span>
              </div> <!-- test-method -->
              <div class="configuration-method after">
                <span class="method-name">Close_Browser</span>
                <span class="method-start">1030086 ms</span>
              </div> <!-- configuration-method after -->
              <div class="configuration-method before">
                <span class="method-name">Launch_Browser</span>
                <span class="method-start">1032737 ms</span>
              </div> <!-- configuration-method before -->
              <div class="test-method">
                <img src="failed.png">
                </img>
                <span class="method-name">CorporateJob2</span>
                <span class="method-start">1036074 ms</span>
              </div> <!-- test-method -->
              <div class="configuration-method after">
                <span class="method-name">Close_Browser</span>
                <span class="method-start">1064295 ms</span>
              </div> <!-- configuration-method after -->
              <div class="configuration-method before">
                <span class="method-name">Launch_Browser</span>
                <span class="method-start">1066967 ms</span>
              </div> <!-- configuration-method before -->
              <div class="test-method">
                <span class="method-name">Login1</span>
                <span class="method-start">1070167 ms</span>
              </div> <!-- test-method -->
              <div class="configuration-method after">
                <span class="method-name">Close_Browser</span>
                <span class="method-start">1094017 ms</span>
              </div> <!-- configuration-method after -->
              <div class="configuration-method before">
                <span class="method-name">Launch_Browser</span>
                <span class="method-start">1096643 ms</span>
              </div> <!-- configuration-method before -->
              <div class="test-method">
                <span class="method-name">Login2</span>
                <span class="method-start">1099843 ms</span>
              </div> <!-- test-method -->
              <div class="configuration-method after">
                <span class="method-name">Close_Browser</span>
                <span class="method-start">1127188 ms</span>
              </div> <!-- configuration-method after -->
              <div class="configuration-method before">
                <span class="method-name">Launch_Browser</span>
                <span class="method-start">1129839 ms</span>
              </div> <!-- configuration-method before -->
              <div class="test-method">
                <span class="method-name">Login3</span>
                <span class="method-start">1132967 ms</span>
              </div> <!-- test-method -->
              <div class="configuration-method after">
                <span class="method-name">Close_Browser</span>
                <span class="method-start">1145526 ms</span>
              </div> <!-- configuration-method after -->
              <div class="configuration-method before">
                <span class="method-name">Launch_Browser</span>
                <span class="method-start">1148154 ms</span>
              </div> <!-- configuration-method before -->
              <div class="test-method">
                <span class="method-name">Login4</span>
                <span class="method-start">1151369 ms</span>
              </div> <!-- test-method -->
              <div class="configuration-method after">
                <span class="method-name">Close_Browser</span>
                <span class="method-start">1164730 ms</span>
              </div> <!-- configuration-method after -->
              <div class="configuration-method before">
                <span class="method-name">Launch_Browser</span>
                <span class="method-start">1167382 ms</span>
              </div> <!-- configuration-method before -->
              <div class="test-method">
                <span class="method-name">Login5</span>
                <span class="method-start">1170599 ms</span>
              </div> <!-- test-method -->
              <div class="configuration-method after">
                <span class="method-name">Close_Browser</span>
                <span class="method-start">1189640 ms</span>
              </div> <!-- configuration-method after -->
              <div class="configuration-method before">
                <span class="method-name">Launch_Browser</span>
                <span class="method-start">1192286 ms</span>
              </div> <!-- configuration-method before -->
              <div class="test-method">
                <span class="method-name">Login6</span>
                <span class="method-start">1195428 ms</span>
              </div> <!-- test-method -->
              <div class="configuration-method after">
                <span class="method-name">Close_Browser</span>
                <span class="method-start">1212687 ms</span>
              </div> <!-- configuration-method after -->
              <div class="configuration-method before">
                <span class="method-name">Launch_Browser</span>
                <span class="method-start">1215338 ms</span>
              </div> <!-- configuration-method before -->
              <div class="test-method">
                <img src="failed.png">
                </img>
                <span class="method-name">Submission01</span>
                <span class="method-start">1218490 ms</span>
              </div> <!-- test-method -->
              <div class="configuration-method after">
                <span class="method-name">Close_Browser</span>
                <span class="method-start">1367955 ms</span>
              </div> <!-- configuration-method after -->
              <div class="configuration-method before">
                <span class="method-name">Launch_Browser</span>
                <span class="method-start">1370658 ms</span>
              </div> <!-- configuration-method before -->
              <div class="test-method">
                <img src="failed.png">
                </img>
                <span class="method-name">Submission02</span>
                <span class="method-start">1374075 ms</span>
              </div> <!-- test-method -->
              <div class="configuration-method after">
                <span class="method-name">Close_Browser</span>
                <span class="method-start">1436222 ms</span>
              </div> <!-- configuration-method after -->
              <div class="configuration-method before">
                <span class="method-name">Launch_Browser</span>
                <span class="method-start">1438846 ms</span>
              </div> <!-- configuration-method before -->
              <div class="test-method">
                <span class="method-name">Submission03</span>
                <span class="method-start">1442120 ms</span>
              </div> <!-- test-method -->
              <div class="configuration-method after">
                <span class="method-name">Close_Browser</span>
                <span class="method-start">1469016 ms</span>
              </div> <!-- configuration-method after -->
              <div class="configuration-method before">
                <span class="method-name">Launch_Browser</span>
                <span class="method-start">1471996 ms</span>
              </div> <!-- configuration-method before -->
              <div class="test-method">
                <span class="method-name">Submission04</span>
                <span class="method-start">1475216 ms</span>
              </div> <!-- test-method -->
              <div class="configuration-method after">
                <span class="method-name">Close_Browser</span>
                <span class="method-start">1500902 ms</span>
              </div> <!-- configuration-method after -->
              <div class="configuration-method before">
                <span class="method-name">Launch_Browser</span>
                <span class="method-start">1503570 ms</span>
              </div> <!-- configuration-method before -->
              <div class="test-method">
                <span class="method-name">Submission05</span>
                <span class="method-start">1506960 ms</span>
              </div> <!-- test-method -->
              <div class="configuration-method after">
                <span class="method-name">Close_Browser</span>
                <span class="method-start">1537797 ms</span>
              </div> <!-- configuration-method after -->
              <div class="configuration-method before">
                <span class="method-name">Launch_Browser</span>
                <span class="method-start">1540465 ms</span>
              </div> <!-- configuration-method before -->
              <div class="test-method">
                <span class="method-name">Submission06</span>
                <span class="method-start">1543729 ms</span>
              </div> <!-- test-method -->
              <div class="configuration-method after">
                <span class="method-name">Close_Browser</span>
                <span class="method-start">1589143 ms</span>
              </div> <!-- configuration-method after -->
              <div class="configuration-method before">
                <span class="method-name">Launch_Browser</span>
                <span class="method-start">1591917 ms</span>
              </div> <!-- configuration-method before -->
              <div class="test-method">
                <span class="method-name">Submission07</span>
                <span class="method-start">1595529 ms</span>
              </div> <!-- test-method -->
              <div class="configuration-method after">
                <span class="method-name">Close_Browser</span>
                <span class="method-start">1672245 ms</span>
              </div> <!-- configuration-method after -->
              <div class="configuration-method before">
                <span class="method-name">Launch_Browser</span>
                <span class="method-start">1675157 ms</span>
              </div> <!-- configuration-method before -->
              <div class="test-method">
                <span class="method-name">WSAdmin01</span>
                <span class="method-start">1678349 ms</span>
              </div> <!-- test-method -->
              <div class="configuration-method after">
                <span class="method-name">Close_Browser</span>
                <span class="method-start">1693853 ms</span>
              </div> <!-- configuration-method after -->
              <div class="configuration-method before">
                <span class="method-name">Launch_Browser</span>
                <span class="method-start">1696485 ms</span>
              </div> <!-- configuration-method before -->
              <div class="test-method">
                <span class="method-name">WSAdmin02</span>
                <span class="method-start">1699727 ms</span>
              </div> <!-- test-method -->
              <div class="configuration-method after">
                <span class="method-name">Close_Browser</span>
                <span class="method-start">1716050 ms</span>
              </div> <!-- configuration-method after -->
              <div class="configuration-method before">
                <span class="method-name">Launch_Browser</span>
                <span class="method-start">1718678 ms</span>
              </div> <!-- configuration-method before -->
              <div class="test-method">
                <span class="method-name">WSAdmin03</span>
                <span class="method-start">1722069 ms</span>
              </div> <!-- test-method -->
              <div class="configuration-method after">
                <span class="method-name">Close_Browser</span>
                <span class="method-start">1737189 ms</span>
              </div> <!-- configuration-method after -->
              <div class="configuration-method before">
                <span class="method-name">Launch_Browser</span>
                <span class="method-start">1739829 ms</span>
              </div> <!-- configuration-method before -->
              <div class="test-method">
                <span class="method-name">WSAdmin04</span>
                <span class="method-start">1743071 ms</span>
              </div> <!-- test-method -->
              <div class="configuration-method after">
                <span class="method-name">Close_Browser</span>
                <span class="method-start">1757847 ms</span>
              </div> <!-- configuration-method after -->
              <div class="configuration-method before">
                <span class="method-name">Launch_Browser</span>
                <span class="method-start">1760729 ms</span>
              </div> <!-- configuration-method before -->
              <div class="test-method">
                <span class="method-name">WSAdmin05</span>
                <span class="method-start">1763895 ms</span>
              </div> <!-- test-method -->
              <div class="configuration-method after">
                <span class="method-name">Close_Browser</span>
                <span class="method-start">1778648 ms</span>
              </div> <!-- configuration-method after -->
              <div class="configuration-method before">
                <span class="method-name">Launch_Browser</span>
                <span class="method-start">1781302 ms</span>
              </div> <!-- configuration-method before -->
              <div class="test-method">
                <img src="failed.png">
                </img>
                <span class="method-name">WSAdmin06</span>
                <span class="method-start">1784492 ms</span>
              </div> <!-- test-method -->
              <div class="configuration-method after">
                <span class="method-name">Close_Browser</span>
                <span class="method-start">1826551 ms</span>
              </div> <!-- configuration-method after -->
              <div class="configuration-method before">
                <span class="method-name">Launch_Browser</span>
                <span class="method-start">1829230 ms</span>
              </div> <!-- configuration-method before -->
              <div class="test-method">
                <span class="method-name">WSAdmin07</span>
                <span class="method-start">1832498 ms</span>
              </div> <!-- test-method -->
              <div class="configuration-method after">
                <span class="method-name">Close_Browser</span>
                <span class="method-start">1850292 ms</span>
              </div> <!-- configuration-method after -->
              <div class="configuration-method before">
                <span class="method-name">Launch_Browser</span>
                <span class="method-start">1852913 ms</span>
              </div> <!-- configuration-method before -->
              <div class="test-method">
                <span class="method-name">WSAdmin08</span>
                <span class="method-start">1856121 ms</span>
              </div> <!-- test-method -->
              <div class="configuration-method after">
                <span class="method-name">Close_Browser</span>
                <span class="method-start">1872913 ms</span>
              </div> <!-- configuration-method after -->
              <div class="configuration-method before">
                <span class="method-name">Launch_Browser</span>
                <span class="method-start">1875565 ms</span>
              </div> <!-- configuration-method before -->
              <div class="test-method">
                <img src="failed.png">
                </img>
                <span class="method-name">WSAdmin09</span>
                <span class="method-start">1878733 ms</span>
              </div> <!-- test-method -->
              <div class="configuration-method after">
                <span class="method-name">Close_Browser</span>
                <span class="method-start">1893948 ms</span>
              </div> <!-- configuration-method after -->
              <div class="configuration-method before">
                <span class="method-name">Launch_Browser</span>
                <span class="method-start">1896575 ms</span>
              </div> <!-- configuration-method before -->
              <div class="test-method">
                <span class="method-name">WSAdmin10</span>
                <span class="method-start">1899788 ms</span>
              </div> <!-- test-method -->
              <div class="configuration-method after">
                <span class="method-name">Close_Browser</span>
                <span class="method-start">1920056 ms</span>
              </div> <!-- configuration-method after -->
              <div class="configuration-method before">
                <span class="method-name">Launch_Browser</span>
                <span class="method-start">1922697 ms</span>
              </div> <!-- configuration-method before -->
              <div class="test-method">
                <img src="failed.png">
                </img>
                <span class="method-name">WSAdmin11</span>
                <span class="method-start">1925906 ms</span>
              </div> <!-- test-method -->
              <div class="configuration-method after">
                <span class="method-name">Close_Browser</span>
                <span class="method-start">1939340 ms</span>
              </div> <!-- configuration-method after -->
              <div class="configuration-method before">
                <span class="method-name">Launch_Browser</span>
                <span class="method-start">1942030 ms</span>
              </div> <!-- configuration-method before -->
              <div class="test-method">
                <img src="failed.png">
                </img>
                <span class="method-name">onboarding1</span>
                <span class="method-start">1945270 ms</span>
              </div> <!-- test-method -->
              <div class="configuration-method after">
                <span class="method-name">Close_Browser</span>
                <span class="method-start">2066852 ms</span>
              </div> <!-- configuration-method after -->
              <div class="configuration-method before">
                <span class="method-name">Launch_Browser</span>
                <span class="method-start">2069669 ms</span>
              </div> <!-- configuration-method before -->
              <div class="test-method">
                <img src="failed.png">
                </img>
                <span class="method-name">onboarding2</span>
                <span class="method-start">2072840 ms</span>
              </div> <!-- test-method -->
              <div class="configuration-method after">
                <span class="method-name">Close_Browser</span>
                <span class="method-start">2117703 ms</span>
              </div> <!-- configuration-method after -->
              <div class="configuration-method before">
                <span class="method-name">Launch_Browser</span>
                <span class="method-start">2120314 ms</span>
              </div> <!-- configuration-method before -->
              <div class="test-method">
                <img src="failed.png">
                </img>
                <span class="method-name">onboarding3</span>
                <span class="method-start">2123558 ms</span>
              </div> <!-- test-method -->
              <div class="configuration-method after">
                <span class="method-name">Close_Browser</span>
                <span class="method-start">2170931 ms</span>
              </div> <!-- configuration-method after -->
              <div class="configuration-method before">
                <span class="method-name">Launch_Browser</span>
                <span class="method-start">2173556 ms</span>
              </div> <!-- configuration-method before -->
              <div class="test-method">
                <img src="failed.png">
                </img>
                <span class="method-name">onboarding4</span>
                <span class="method-start">2176736 ms</span>
              </div> <!-- test-method -->
              <div class="configuration-method after">
                <span class="method-name">Close_Browser</span>
                <span class="method-start">2217317 ms</span>
              </div> <!-- configuration-method after -->
              <div class="configuration-method before">
                <span class="method-name">Launch_Browser</span>
                <span class="method-start">2219998 ms</span>
              </div> <!-- configuration-method before -->
              <div class="test-method">
                <img src="failed.png">
                </img>
                <span class="method-name">onboarding5</span>
                <span class="method-start">2223201 ms</span>
              </div> <!-- test-method -->
              <div class="configuration-method after">
                <span class="method-name">Close_Browser</span>
                <span class="method-start">2359821 ms</span>
              </div> <!-- configuration-method after -->
          </div> <!-- main-panel-content rounded-window-bottom -->
        </div> <!-- panel -->
      </div> <!-- main-panel-root -->
    </div> <!-- wrapper -->
  </body>
</html>
